2015-02-18 08:21:46,359 - feeder - INFO - File Queue is empty, sleeping.
2015-02-18 08:21:46,359 - feeder - INFO - File Queue is empty, sleeping.
2015-02-18 08:21:46,359 - feeder - INFO - File Queue is empty, sleeping.
2015-02-18 08:21:48,077 - feeder - INFO - Exiting... (waiting on threads)
2015-02-18 08:21:53,079 - feeder - INFO - Adios!
2015-02-18 08:25:28,384 - feeder - INFO - File Queue is empty, sleeping.
2015-02-18 08:25:28,384 - feeder - INFO - Directory empty, taking a 10 sec nap
2015-02-18 08:25:28,385 - feeder - INFO - File Queue is empty, sleeping.
2015-02-18 08:25:28,385 - feeder - INFO - File Queue is empty, sleeping.
2015-02-18 08:25:28,385 - feeder - INFO - File Queue is empty, sleeping.
2015-02-18 08:25:28,385 - feeder - INFO - File Queue is empty, sleeping.
2015-02-18 08:25:28,386 - feeder - INFO - File Queue is empty, sleeping.
2015-02-18 08:25:28,386 - feeder - INFO - File Queue is empty, sleeping.
2015-02-18 08:25:28,386 - feeder - INFO - File Queue is empty, sleeping.
2015-02-18 08:25:28,386 - feeder - INFO - File Queue is empty, sleeping.
2015-02-18 08:25:28,387 - feeder - INFO - Started... :-)
2015-02-18 08:25:28,387 - feeder - INFO - File Queue is empty, sleeping.
2015-02-18 08:25:38,386 - feeder - INFO - File Queue is empty, sleeping.
2015-02-18 08:25:38,386 - feeder - INFO - File Queue is empty, sleeping.
2015-02-18 08:25:38,386 - feeder - INFO - File Queue is empty, sleeping.
2015-02-18 08:25:38,387 - feeder - INFO - File Queue is empty, sleeping.
2015-02-18 08:25:38,387 - feeder - INFO - File Queue is empty, sleeping.
2015-02-18 08:25:38,388 - feeder - INFO - File Queue is empty, sleeping.
2015-02-18 08:25:38,388 - feeder - INFO - File Queue is empty, sleeping.
2015-02-18 08:25:38,388 - feeder - INFO - File Queue is empty, sleeping.
2015-02-18 08:25:38,388 - feeder - INFO - File Queue is empty, sleeping.
2015-02-18 08:25:38,388 - feeder - INFO - File Queue is empty, sleeping.
2015-02-18 08:25:38,388 - feeder - INFO - Directory empty, taking a 10 sec nap
2015-02-18 08:25:48,388 - feeder - INFO - File Queue is empty, sleeping.
2015-02-18 08:25:48,389 - feeder - INFO - File Queue is empty, sleeping.
2015-02-18 08:25:48,389 - feeder - INFO - File Queue is empty, sleeping.
2015-02-18 08:25:48,389 - feeder - INFO - File Queue is empty, sleeping.
2015-02-18 08:25:48,390 - feeder - INFO - File Queue is empty, sleeping.
2015-02-18 08:25:48,390 - feeder - INFO - File Queue is empty, sleeping.
2015-02-18 08:25:48,390 - feeder - INFO - File Queue is empty, sleeping.
2015-02-18 08:25:48,391 - feeder - INFO - Directory empty, taking a 10 sec nap
2015-02-18 08:25:48,391 - feeder - INFO - File Queue is empty, sleeping.
2015-02-18 08:25:48,391 - feeder - INFO - File Queue is empty, sleeping.
2015-02-18 08:25:48,391 - feeder - INFO - File Queue is empty, sleeping.
2015-02-18 08:25:58,391 - feeder - INFO - File Queue is empty, sleeping.
2015-02-18 08:25:58,391 - feeder - INFO - File Queue is empty, sleeping.
2015-02-18 08:25:58,391 - feeder - INFO - File Queue is empty, sleeping.
2015-02-18 08:25:58,391 - feeder - INFO - File Queue is empty, sleeping.
2015-02-18 08:25:58,392 - feeder - INFO - File Queue is empty, sleeping.
2015-02-18 08:25:58,392 - feeder - INFO - File Queue is empty, sleeping.
2015-02-18 08:25:58,392 - feeder - INFO - File Queue is empty, sleeping.
2015-02-18 08:25:58,392 - feeder - INFO - File Queue is empty, sleeping.
2015-02-18 08:25:58,392 - feeder - INFO - File Queue is empty, sleeping.
2015-02-18 08:25:58,392 - feeder - INFO - File Queue is empty, sleeping.
2015-02-18 08:25:58,394 - feeder - INFO - Directory empty, taking a 10 sec nap
2015-02-18 08:26:08,393 - feeder - INFO - Getting file ID
2015-02-18 08:26:08,393 - feeder - INFO - Getting file ID
2015-02-18 08:26:08,393 - feeder - INFO - Getting file ID
2015-02-18 08:26:08,393 - feeder - INFO - Getting file ID
2015-02-18 08:26:08,394 - feeder - INFO - Getting file ID
2015-02-18 08:26:08,394 - feeder - INFO - Getting file ID
2015-02-18 08:26:08,394 - feeder - INFO - Getting file ID
2015-02-18 08:26:08,394 - feeder - INFO - Getting file ID
2015-02-18 08:26:08,394 - feeder - INFO - Getting file ID
2015-02-18 08:26:08,395 - feeder - INFO - Getting file ID
2015-02-18 08:26:08,404 - feeder - INFO - Directory empty, taking a 10 sec nap
2015-02-18 08:26:08,417 - feeder - INFO - Getting file ID
2015-02-18 08:26:08,432 - feeder - INFO - Getting file ID
2015-02-18 08:26:08,433 - feeder - INFO - Getting file ID
2015-02-18 08:26:08,433 - feeder - INFO - Getting file ID
2015-02-18 08:26:08,433 - feeder - INFO - Getting file ID
2015-02-18 08:26:08,434 - feeder - INFO - Getting file ID
2015-02-18 08:26:08,434 - feeder - INFO - Getting file ID
2015-02-18 08:26:08,435 - feeder - INFO - Getting file ID
2015-02-18 08:26:08,435 - feeder - INFO - Getting file ID
2015-02-18 08:26:08,436 - feeder - INFO - Getting file ID
2015-02-18 08:26:08,436 - feeder - INFO - Getting file ID
2015-02-18 08:26:08,439 - feeder - INFO - Getting file ID
2015-02-18 08:26:08,440 - feeder - INFO - Getting file ID
2015-02-18 08:26:08,440 - feeder - ERROR - PyMongoError
Traceback (most recent call last):
  File "feeder.py", line 106, in createRecord
    dba.malware.insert(fp)
  File "/Library/Python/2.7/site-packages/pymongo/collection.py", line 407, in insert
    _check_write_command_response(results)
  File "/Library/Python/2.7/site-packages/pymongo/helpers.py", line 198, in _check_write_command_response
    raise DuplicateKeyError(error.get("errmsg"), 11000, error)
DuplicateKeyError: insertDocument :: caused by :: 11000 E11000 duplicate key error index: analysis.malware.$_id_  dup key: { : "e0895336617e0b45b312383814ec6783556d7635" }
2015-02-18 08:26:08,442 - feeder - INFO - Getting file ID
2015-02-18 08:26:08,442 - feeder - INFO - Getting file ID
2015-02-18 08:26:08,442 - feeder - INFO - Getting file ID
2015-02-18 08:26:08,443 - feeder - INFO - Getting file ID
2015-02-18 08:26:08,443 - feeder - INFO - Getting file ID
2015-02-18 08:26:08,443 - feeder - INFO - Getting file ID
2015-02-18 08:26:08,444 - feeder - INFO - Getting file ID
2015-02-18 08:26:08,444 - feeder - INFO - Getting file ID
2015-02-18 08:26:08,444 - feeder - INFO - Getting file ID
2015-02-18 08:26:08,448 - feeder - INFO - Getting file ID
2015-02-18 08:26:08,449 - feeder - INFO - Getting file ID
2015-02-18 08:26:08,450 - feeder - INFO - Getting file ID
2015-02-18 08:26:08,452 - feeder - ERROR - IO Error
Traceback (most recent call last):
  File "feeder.py", line 98, in createRecord
    fd=open(self.filesPath+filename,'rb')
IOError: [Errno 2] No such file or directory: './incoming/225E9596DE85CA7B1025D6E444F6A01AA6507FEEF213F4D2E20DA9E7D5D8E430'
2015-02-18 08:26:08,452 - feeder - ERROR - IO Error
Traceback (most recent call last):
  File "feeder.py", line 98, in createRecord
    fd=open(self.filesPath+filename,'rb')
IOError: [Errno 2] No such file or directory: './incoming/20831E820AF5F41353B5AFAB659F2AD42EC6DF5D9692448872F3ED8BBB40AB92'
2015-02-18 08:26:08,452 - feeder - ERROR - IO Error
Traceback (most recent call last):
  File "feeder.py", line 98, in createRecord
    fd=open(self.filesPath+filename,'rb')
IOError: [Errno 2] No such file or directory: './incoming/344BBA34FF73EB9F6018388F02E17A08D711175111D73ED827E03E363C15B4C0'
2015-02-18 08:26:08,453 - feeder - ERROR - IO Error
Traceback (most recent call last):
  File "feeder.py", line 98, in createRecord
    fd=open(self.filesPath+filename,'rb')
IOError: [Errno 2] No such file or directory: './incoming/392F32241CD3448C7A435935F2FF0D2CDC609DDA81DD4946B1C977D25134E96E'
2015-02-18 08:26:08,453 - feeder - ERROR - IO Error
Traceback (most recent call last):
  File "feeder.py", line 98, in createRecord
    fd=open(self.filesPath+filename,'rb')
IOError: [Errno 2] No such file or directory: './incoming/40C46BCAB9ACC0D6D235491C01A66D4C6F35D884C19C6F410901AF6D1E33513B'
2015-02-18 08:26:08,453 - feeder - ERROR - IO Error
Traceback (most recent call last):
  File "feeder.py", line 98, in createRecord
    fd=open(self.filesPath+filename,'rb')
IOError: [Errno 2] No such file or directory: './incoming/4139149552B0322F2C5C993ABCCC0F0D1B38DB4476189A9F9901AC0D57A656BE'
2015-02-18 08:26:08,454 - feeder - INFO - Getting file ID
2015-02-18 08:26:08,459 - feeder - ERROR - IO Error
Traceback (most recent call last):
  File "feeder.py", line 98, in createRecord
    fd=open(self.filesPath+filename,'rb')
IOError: [Errno 2] No such file or directory: './incoming/4D6CEBE37861ACE885AA00046E2769B500084CC79750D2BF8C1E290A1C42AAFF'
2015-02-18 08:26:08,469 - feeder - ERROR - IO Error
Traceback (most recent call last):
  File "feeder.py", line 98, in createRecord
    fd=open(self.filesPath+filename,'rb')
IOError: [Errno 2] No such file or directory: './incoming/4E39BC95E35323AB586D740725A1C8CBCDE01FE453F7C4CAC7CCED9A26E42CC9'
2015-02-18 08:26:08,484 - feeder - ERROR - IO Error
Traceback (most recent call last):
  File "feeder.py", line 98, in createRecord
    fd=open(self.filesPath+filename,'rb')
IOError: [Errno 2] No such file or directory: './incoming/5001793790939009355BA841610412E0F8D60EF5461F2EA272CCF4FD4C83B823'
2015-02-18 08:26:08,604 - feeder - ERROR - IO Error
Traceback (most recent call last):
  File "feeder.py", line 98, in createRecord
    fd=open(self.filesPath+filename,'rb')
IOError: [Errno 2] No such file or directory: './incoming/5C81CF8262F9A8B0E100D2A220F7119E54EDFC10C4FB906AB7848A015CD12D90'
2015-02-18 08:26:18,406 - feeder - INFO - Directory empty, taking a 10 sec nap
2015-02-18 08:26:28,407 - feeder - INFO - Directory empty, taking a 10 sec nap
2015-02-18 08:26:38,408 - feeder - INFO - Directory empty, taking a 10 sec nap
2015-02-18 08:26:48,410 - feeder - INFO - Directory empty, taking a 10 sec nap
2015-02-18 08:26:58,412 - feeder - INFO - Directory empty, taking a 10 sec nap
2015-02-18 08:27:08,413 - feeder - INFO - Directory empty, taking a 10 sec nap
2015-02-18 08:27:18,415 - feeder - INFO - Directory empty, taking a 10 sec nap
2015-02-18 08:27:28,415 - feeder - INFO - Directory empty, taking a 10 sec nap
2015-02-18 08:27:38,417 - feeder - INFO - Directory empty, taking a 10 sec nap
2015-02-18 08:27:48,417 - feeder - INFO - Directory empty, taking a 10 sec nap
2015-02-18 08:27:58,417 - feeder - INFO - Directory empty, taking a 10 sec nap
2015-02-18 08:28:08,419 - feeder - INFO - Directory empty, taking a 10 sec nap
2015-02-18 08:28:18,421 - feeder - INFO - Directory empty, taking a 10 sec nap
2015-02-18 08:28:28,422 - feeder - INFO - Directory empty, taking a 10 sec nap
2015-02-18 08:28:38,424 - feeder - INFO - Directory empty, taking a 10 sec nap
2015-02-18 08:28:48,424 - feeder - INFO - Directory empty, taking a 10 sec nap
2015-02-18 08:28:58,425 - feeder - INFO - Directory empty, taking a 10 sec nap
2015-02-18 08:29:08,427 - feeder - INFO - Directory empty, taking a 10 sec nap
2015-02-18 08:29:18,427 - feeder - INFO - Directory empty, taking a 10 sec nap
2015-02-18 08:29:28,429 - feeder - INFO - Directory empty, taking a 10 sec nap
2015-02-18 08:29:38,430 - feeder - INFO - Directory empty, taking a 10 sec nap
2015-02-18 08:29:44,162 - feeder - INFO - Exiting... (waiting on threads)
2015-02-18 08:29:49,164 - feeder - INFO - Adios!
2015-02-18 08:33:56,003 - feeder - INFO - File Queue is empty, sleeping.
2015-02-18 08:33:56,003 - feeder - INFO - Directory empty, taking a 10 sec nap
2015-02-18 08:33:56,003 - feeder - INFO - File Queue is empty, sleeping.
2015-02-18 08:33:56,003 - feeder - INFO - File Queue is empty, sleeping.
2015-02-18 08:33:56,004 - feeder - INFO - File Queue is empty, sleeping.
2015-02-18 08:33:56,004 - feeder - INFO - File Queue is empty, sleeping.
2015-02-18 08:33:56,004 - feeder - INFO - File Queue is empty, sleeping.
2015-02-18 08:33:56,005 - feeder - INFO - File Queue is empty, sleeping.
2015-02-18 08:33:56,005 - feeder - INFO - File Queue is empty, sleeping.
2015-02-18 08:33:56,005 - feeder - INFO - File Queue is empty, sleeping.
2015-02-18 08:33:56,005 - feeder - INFO - File Queue is empty, sleeping.
2015-02-18 08:33:56,006 - feeder - INFO - File Queue is empty, sleeping.
2015-02-18 08:33:56,006 - feeder - INFO - File Queue is empty, sleeping.
2015-02-18 08:33:56,006 - feeder - INFO - File Queue is empty, sleeping.
2015-02-18 08:33:56,006 - feeder - INFO - File Queue is empty, sleeping.
2015-02-18 08:33:56,006 - feeder - INFO - File Queue is empty, sleeping.
2015-02-18 08:33:56,007 - feeder - INFO - File Queue is empty, sleeping.
2015-02-18 08:33:56,007 - feeder - INFO - File Queue is empty, sleeping.
2015-02-18 08:33:56,007 - feeder - INFO - File Queue is empty, sleeping.
2015-02-18 08:33:56,007 - feeder - INFO - File Queue is empty, sleeping.
2015-02-18 08:33:56,008 - feeder - INFO - Started... :-)
2015-02-18 08:33:56,008 - feeder - INFO - File Queue is empty, sleeping.
2015-02-18 08:34:06,004 - feeder - INFO - File Queue is empty, sleeping.
2015-02-18 08:34:06,004 - feeder - INFO - File Queue is empty, sleeping.
2015-02-18 08:34:06,005 - feeder - INFO - Directory empty, taking a 10 sec nap
2015-02-18 08:34:06,005 - feeder - INFO - Getting file ID
2015-02-18 08:34:06,005 - feeder - INFO - Getting file ID
2015-02-18 08:34:06,006 - feeder - INFO - Getting file ID
2015-02-18 08:34:06,006 - feeder - INFO - Getting file ID
2015-02-18 08:34:06,006 - feeder - INFO - Getting file ID
2015-02-18 08:34:06,007 - feeder - INFO - Getting file ID
2015-02-18 08:34:06,009 - feeder - INFO - Getting file ID
2015-02-18 08:34:06,010 - feeder - INFO - Getting file ID
2015-02-18 08:34:06,011 - feeder - INFO - Getting file ID
2015-02-18 08:34:06,011 - feeder - INFO - Getting file ID
2015-02-18 08:34:06,011 - feeder - INFO - Getting file ID
2015-02-18 08:34:06,011 - feeder - INFO - Getting file ID
2015-02-18 08:34:06,011 - feeder - INFO - Getting file ID
2015-02-18 08:34:06,011 - feeder - INFO - Getting file ID
2015-02-18 08:34:06,011 - feeder - INFO - Getting file ID
2015-02-18 08:34:06,012 - feeder - INFO - Getting file ID
2015-02-18 08:34:06,012 - feeder - INFO - Getting file ID
2015-02-18 08:34:06,012 - feeder - INFO - Getting file ID
2015-02-18 08:34:06,024 - feeder - INFO - Getting file ID
2015-02-18 08:34:06,025 - feeder - ERROR - PyMongoError
Traceback (most recent call last):
  File "feeder.py", line 102, in createRecord
    dba.malware.insert(fp)
  File "/Library/Python/2.7/site-packages/pymongo/collection.py", line 407, in insert
    _check_write_command_response(results)
  File "/Library/Python/2.7/site-packages/pymongo/helpers.py", line 198, in _check_write_command_response
    raise DuplicateKeyError(error.get("errmsg"), 11000, error)
DuplicateKeyError: insertDocument :: caused by :: 11000 E11000 duplicate key error index: analysis.malware.$_id_  dup key: { : "e0895336617e0b45b312383814ec6783556d7635" }
2015-02-18 08:34:06,026 - feeder - INFO - Getting file ID
2015-02-18 08:34:06,026 - feeder - INFO - Getting file ID
2015-02-18 08:34:06,027 - feeder - INFO - Getting file ID
2015-02-18 08:34:06,027 - feeder - INFO - Getting file ID
2015-02-18 08:34:06,029 - feeder - INFO - Getting file ID
2015-02-18 08:34:06,029 - feeder - INFO - Getting file ID
2015-02-18 08:34:06,029 - feeder - INFO - Getting file ID
2015-02-18 08:34:06,030 - feeder - INFO - Getting file ID
2015-02-18 08:34:06,031 - feeder - INFO - Getting file ID
2015-02-18 08:34:06,031 - feeder - INFO - Getting file ID
2015-02-18 08:34:06,031 - feeder - INFO - Getting file ID
2015-02-18 08:34:06,032 - feeder - INFO - Getting file ID
2015-02-18 08:34:06,032 - feeder - INFO - Getting file ID
2015-02-18 08:34:06,032 - feeder - INFO - Getting file ID
2015-02-18 08:34:06,033 - feeder - INFO - Getting file ID
2015-02-18 08:34:06,033 - feeder - INFO - Getting file ID
2015-02-18 08:34:06,035 - feeder - INFO - Getting file ID
2015-02-18 08:34:06,036 - feeder - INFO - File Queue is empty, sleeping.
2015-02-18 08:34:06,038 - feeder - INFO - File Queue is empty, sleeping.
2015-02-18 08:34:06,038 - feeder - INFO - File Queue is empty, sleeping.
2015-02-18 08:34:06,040 - feeder - INFO - File Queue is empty, sleeping.
2015-02-18 08:34:06,042 - feeder - INFO - File Queue is empty, sleeping.
2015-02-18 08:34:06,043 - feeder - INFO - File Queue is empty, sleeping.
2015-02-18 08:34:06,045 - feeder - INFO - File Queue is empty, sleeping.
2015-02-18 08:34:06,046 - feeder - INFO - File Queue is empty, sleeping.
2015-02-18 08:34:06,047 - feeder - INFO - File Queue is empty, sleeping.
2015-02-18 08:34:06,048 - feeder - INFO - File Queue is empty, sleeping.
2015-02-18 08:34:06,048 - feeder - INFO - File Queue is empty, sleeping.
2015-02-18 08:34:06,048 - feeder - INFO - File Queue is empty, sleeping.
2015-02-18 08:34:06,049 - feeder - INFO - File Queue is empty, sleeping.
2015-02-18 08:34:06,051 - feeder - INFO - File Queue is empty, sleeping.
2015-02-18 08:34:06,052 - feeder - INFO - File Queue is empty, sleeping.
2015-02-18 08:34:06,059 - feeder - INFO - File Queue is empty, sleeping.
2015-02-18 08:34:06,075 - feeder - INFO - File Queue is empty, sleeping.
2015-02-18 08:34:06,194 - feeder - INFO - File Queue is empty, sleeping.
2015-02-18 08:34:16,005 - feeder - INFO - File Queue is empty, sleeping.
2015-02-18 08:34:16,006 - feeder - INFO - File Queue is empty, sleeping.
2015-02-18 08:34:16,006 - feeder - INFO - Directory empty, taking a 10 sec nap
2015-02-18 08:34:16,046 - feeder - INFO - File Queue is empty, sleeping.
2015-02-18 08:34:16,046 - feeder - INFO - File Queue is empty, sleeping.
2015-02-18 08:34:16,046 - feeder - INFO - File Queue is empty, sleeping.
2015-02-18 08:34:16,047 - feeder - INFO - File Queue is empty, sleeping.
2015-02-18 08:34:16,047 - feeder - INFO - File Queue is empty, sleeping.
2015-02-18 08:34:16,047 - feeder - INFO - File Queue is empty, sleeping.
2015-02-18 08:34:16,047 - feeder - INFO - File Queue is empty, sleeping.
2015-02-18 08:34:16,048 - feeder - INFO - File Queue is empty, sleeping.
2015-02-18 08:34:16,048 - feeder - INFO - File Queue is empty, sleeping.
2015-02-18 08:34:16,049 - feeder - INFO - File Queue is empty, sleeping.
2015-02-18 08:34:16,049 - feeder - INFO - File Queue is empty, sleeping.
2015-02-18 08:34:16,049 - feeder - INFO - File Queue is empty, sleeping.
2015-02-18 08:34:16,049 - feeder - INFO - File Queue is empty, sleeping.
2015-02-18 08:34:16,052 - feeder - INFO - File Queue is empty, sleeping.
2015-02-18 08:34:16,052 - feeder - INFO - File Queue is empty, sleeping.
2015-02-18 08:34:16,060 - feeder - INFO - File Queue is empty, sleeping.
2015-02-18 08:34:16,076 - feeder - INFO - File Queue is empty, sleeping.
2015-02-18 08:34:16,195 - feeder - INFO - File Queue is empty, sleeping.
2015-02-18 08:34:26,007 - feeder - INFO - File Queue is empty, sleeping.
2015-02-18 08:34:26,007 - feeder - INFO - File Queue is empty, sleeping.
2015-02-18 08:34:26,007 - feeder - INFO - Directory empty, taking a 10 sec nap
2015-02-18 08:34:26,046 - feeder - INFO - File Queue is empty, sleeping.
2015-02-18 08:34:26,047 - feeder - INFO - File Queue is empty, sleeping.
2015-02-18 08:34:26,047 - feeder - INFO - File Queue is empty, sleeping.
2015-02-18 08:34:26,048 - feeder - INFO - File Queue is empty, sleeping.
2015-02-18 08:34:26,048 - feeder - INFO - File Queue is empty, sleeping.
2015-02-18 08:34:26,048 - feeder - INFO - File Queue is empty, sleeping.
2015-02-18 08:34:26,049 - feeder - INFO - File Queue is empty, sleeping.
2015-02-18 08:34:26,049 - feeder - INFO - File Queue is empty, sleeping.
2015-02-18 08:34:26,050 - feeder - INFO - File Queue is empty, sleeping.
2015-02-18 08:34:26,050 - feeder - INFO - File Queue is empty, sleeping.
2015-02-18 08:34:26,050 - feeder - INFO - File Queue is empty, sleeping.
2015-02-18 08:34:26,049 - feeder - INFO - File Queue is empty, sleeping.
2015-02-18 08:34:26,050 - feeder - INFO - File Queue is empty, sleeping.
2015-02-18 08:34:26,053 - feeder - INFO - File Queue is empty, sleeping.
2015-02-18 08:34:26,053 - feeder - INFO - File Queue is empty, sleeping.
2015-02-18 08:34:26,061 - feeder - INFO - File Queue is empty, sleeping.
2015-02-18 08:34:26,077 - feeder - INFO - File Queue is empty, sleeping.
2015-02-18 08:34:26,197 - feeder - INFO - File Queue is empty, sleeping.
2015-02-18 08:34:36,009 - feeder - INFO - File Queue is empty, sleeping.
2015-02-18 08:34:36,009 - feeder - INFO - File Queue is empty, sleeping.
2015-02-18 08:34:36,009 - feeder - INFO - Directory empty, taking a 10 sec nap
2015-02-18 08:34:36,047 - feeder - INFO - File Queue is empty, sleeping.
2015-02-18 08:34:36,048 - feeder - INFO - File Queue is empty, sleeping.
2015-02-18 08:34:36,048 - feeder - INFO - File Queue is empty, sleeping.
2015-02-18 08:34:36,050 - feeder - INFO - File Queue is empty, sleeping.
2015-02-18 08:34:36,050 - feeder - INFO - File Queue is empty, sleeping.
2015-02-18 08:34:36,050 - feeder - INFO - File Queue is empty, sleeping.
2015-02-18 08:34:36,051 - feeder - INFO - File Queue is empty, sleeping.
2015-02-18 08:34:36,050 - feeder - INFO - File Queue is empty, sleeping.
2015-02-18 08:34:36,051 - feeder - INFO - File Queue is empty, sleeping.
2015-02-18 08:34:36,051 - feeder - INFO - File Queue is empty, sleeping.
2015-02-18 08:34:36,051 - feeder - INFO - File Queue is empty, sleeping.
2015-02-18 08:34:36,051 - feeder - INFO - File Queue is empty, sleeping.
2015-02-18 08:34:36,051 - feeder - INFO - File Queue is empty, sleeping.
2015-02-18 08:34:36,053 - feeder - INFO - File Queue is empty, sleeping.
2015-02-18 08:34:36,054 - feeder - INFO - File Queue is empty, sleeping.
2015-02-18 08:34:36,062 - feeder - INFO - File Queue is empty, sleeping.
2015-02-18 08:34:36,079 - feeder - INFO - File Queue is empty, sleeping.
2015-02-18 08:34:36,198 - feeder - INFO - File Queue is empty, sleeping.
2015-02-18 08:34:46,010 - feeder - INFO - File Queue is empty, sleeping.
2015-02-18 08:34:46,011 - feeder - INFO - File Queue is empty, sleeping.
2015-02-18 08:34:46,011 - feeder - INFO - Directory empty, taking a 10 sec nap
2015-02-18 08:34:46,049 - feeder - INFO - File Queue is empty, sleeping.
2015-02-18 08:34:46,049 - feeder - INFO - File Queue is empty, sleeping.
2015-02-18 08:34:46,049 - feeder - INFO - File Queue is empty, sleeping.
2015-02-18 08:34:46,050 - feeder - INFO - File Queue is empty, sleeping.
2015-02-18 08:34:46,052 - feeder - INFO - File Queue is empty, sleeping.
2015-02-18 08:34:46,052 - feeder - INFO - File Queue is empty, sleeping.
2015-02-18 08:34:46,052 - feeder - INFO - File Queue is empty, sleeping.
2015-02-18 08:34:46,052 - feeder - INFO - File Queue is empty, sleeping.
2015-02-18 08:34:46,052 - feeder - INFO - File Queue is empty, sleeping.
2015-02-18 08:34:46,052 - feeder - INFO - File Queue is empty, sleeping.
2015-02-18 08:34:46,052 - feeder - INFO - File Queue is empty, sleeping.
2015-02-18 08:34:46,052 - feeder - INFO - File Queue is empty, sleeping.
2015-02-18 08:34:46,052 - feeder - INFO - File Queue is empty, sleeping.
2015-02-18 08:34:46,054 - feeder - INFO - File Queue is empty, sleeping.
2015-02-18 08:34:46,054 - feeder - INFO - File Queue is empty, sleeping.
2015-02-18 08:34:46,063 - feeder - INFO - File Queue is empty, sleeping.
2015-02-18 08:34:46,080 - feeder - INFO - File Queue is empty, sleeping.
2015-02-18 08:34:46,199 - feeder - INFO - File Queue is empty, sleeping.
2015-02-18 08:34:56,012 - feeder - INFO - File Queue is empty, sleeping.
2015-02-18 08:34:56,012 - feeder - INFO - File Queue is empty, sleeping.
2015-02-18 08:34:56,013 - feeder - INFO - Directory empty, taking a 10 sec nap
2015-02-18 08:34:56,050 - feeder - INFO - File Queue is empty, sleeping.
2015-02-18 08:34:56,051 - feeder - INFO - File Queue is empty, sleeping.
2015-02-18 08:34:56,051 - feeder - INFO - File Queue is empty, sleeping.
2015-02-18 08:34:56,051 - feeder - INFO - File Queue is empty, sleeping.
2015-02-18 08:34:56,053 - feeder - INFO - File Queue is empty, sleeping.
2015-02-18 08:34:56,053 - feeder - INFO - File Queue is empty, sleeping.
2015-02-18 08:34:56,054 - feeder - INFO - File Queue is empty, sleeping.
2015-02-18 08:34:56,054 - feeder - INFO - File Queue is empty, sleeping.
2015-02-18 08:34:56,054 - feeder - INFO - File Queue is empty, sleeping.
2015-02-18 08:34:56,054 - feeder - INFO - File Queue is empty, sleeping.
2015-02-18 08:34:56,054 - feeder - INFO - File Queue is empty, sleeping.
2015-02-18 08:34:56,054 - feeder - INFO - File Queue is empty, sleeping.
2015-02-18 08:34:56,054 - feeder - INFO - File Queue is empty, sleeping.
2015-02-18 08:34:56,054 - feeder - INFO - File Queue is empty, sleeping.
2015-02-18 08:34:56,054 - feeder - INFO - File Queue is empty, sleeping.
2015-02-18 08:34:56,064 - feeder - INFO - File Queue is empty, sleeping.
2015-02-18 08:34:56,081 - feeder - INFO - File Queue is empty, sleeping.
2015-02-18 08:34:56,200 - feeder - INFO - File Queue is empty, sleeping.
2015-02-18 08:35:04,652 - feeder - INFO - Exiting... (waiting on threads)
2015-02-18 08:35:09,654 - feeder - INFO - Adios!
2015-02-18 14:27:04,044 - feeder - INFO - Getting file ID
2015-02-18 14:27:04,046 - feeder - ERROR - IO Error
Traceback (most recent call last):
  File "feeder.py", line 64, in getFileProperties
    fd=open(self.filesPath+filename,'rb') #except File not found
IOError: [Errno 2] No such file or directory: './incoming/SafeGui.exe'
2015-02-18 14:29:20,445 - feeder - INFO - Getting file ID
2015-02-18 14:39:03,588 - feeder - INFO - Getting file ID
2015-02-18 14:41:45,470 - feeder - INFO - Getting file ID
2015-02-18 14:44:28,770 - feeder - INFO - Getting file ID
2015-02-18 14:47:11,507 - feeder - INFO - Getting file ID
2015-02-18 14:48:04,994 - feeder - INFO - Getting file ID
2015-02-18 14:49:51,841 - feeder - INFO - File Queue is empty, sleeping.
2015-02-18 14:49:51,841 - feeder - INFO - File Queue is empty, sleeping.
2015-02-18 14:49:51,842 - feeder - INFO - File Queue is empty, sleeping.
2015-02-18 14:49:51,842 - feeder - INFO - Directory empty, taking a 10 sec nap
2015-02-18 14:49:51,843 - feeder - INFO - File Queue is empty, sleeping.
2015-02-18 14:49:51,843 - feeder - INFO - File Queue is empty, sleeping.
2015-02-18 14:49:51,843 - feeder - INFO - File Queue is empty, sleeping.
2015-02-18 14:49:51,843 - feeder - INFO - File Queue is empty, sleeping.
2015-02-18 14:49:51,844 - feeder - INFO - File Queue is empty, sleeping.
2015-02-18 14:49:51,844 - feeder - INFO - File Queue is empty, sleeping.
2015-02-18 14:49:51,844 - feeder - INFO - Started... :-)
2015-02-18 14:49:51,844 - feeder - INFO - Getting file ID
2015-02-18 14:49:52,032 - feeder - INFO - File Queue is empty, sleeping.
2015-02-18 14:50:01,843 - feeder - INFO - File Queue is empty, sleeping.
2015-02-18 14:50:01,843 - feeder - INFO - File Queue is empty, sleeping.
2015-02-18 14:50:01,843 - feeder - INFO - File Queue is empty, sleeping.
2015-02-18 14:50:01,843 - feeder - INFO - Directory empty, taking a 10 sec nap
2015-02-18 14:50:01,844 - feeder - INFO - File Queue is empty, sleeping.
2015-02-18 14:50:01,844 - feeder - INFO - File Queue is empty, sleeping.
2015-02-18 14:50:01,844 - feeder - INFO - File Queue is empty, sleeping.
2015-02-18 14:50:01,844 - feeder - INFO - File Queue is empty, sleeping.
2015-02-18 14:50:01,845 - feeder - INFO - File Queue is empty, sleeping.
2015-02-18 14:50:01,845 - feeder - INFO - File Queue is empty, sleeping.
2015-02-18 14:50:02,034 - feeder - INFO - File Queue is empty, sleeping.
2015-02-18 14:50:11,844 - feeder - INFO - File Queue is empty, sleeping.
2015-02-18 14:50:11,844 - feeder - INFO - File Queue is empty, sleeping.
2015-02-18 14:50:11,844 - feeder - INFO - File Queue is empty, sleeping.
2015-02-18 14:50:11,846 - feeder - INFO - File Queue is empty, sleeping.
2015-02-18 14:50:11,846 - feeder - INFO - File Queue is empty, sleeping.
2015-02-18 14:50:11,846 - feeder - INFO - File Queue is empty, sleeping.
2015-02-18 14:50:11,846 - feeder - INFO - File Queue is empty, sleeping.
2015-02-18 14:50:11,847 - feeder - INFO - File Queue is empty, sleeping.
2015-02-18 14:50:11,847 - feeder - INFO - File Queue is empty, sleeping.
2015-02-18 14:50:11,848 - feeder - INFO - Directory empty, taking a 10 sec nap
2015-02-18 14:50:12,035 - feeder - INFO - Getting file ID
2015-02-18 14:50:12,062 - feeder - INFO - Getting file ID
2015-02-18 14:50:12,095 - feeder - INFO - Getting file ID
2015-02-18 14:50:12,114 - feeder - INFO - Getting file ID
2015-02-18 14:50:12,144 - feeder - INFO - Getting file ID
2015-02-18 14:50:12,171 - feeder - INFO - Getting file ID
2015-02-18 14:50:12,235 - feeder - INFO - Getting file ID
2015-02-18 14:50:12,369 - feeder - INFO - Getting file ID
2015-02-18 14:50:12,390 - feeder - INFO - Getting file ID
2015-02-18 14:50:12,411 - feeder - INFO - Getting file ID
2015-02-18 14:50:12,432 - feeder - INFO - Getting file ID
2015-02-18 14:50:12,454 - feeder - INFO - Getting file ID
2015-02-18 14:50:12,482 - feeder - INFO - Getting file ID
2015-02-18 14:50:12,510 - feeder - ERROR - PyMongoError
Traceback (most recent call last):
  File "feeder.py", line 117, in createRecord
    dba.malware.insert(fp)
  File "/Library/Python/2.7/site-packages/pymongo/collection.py", line 407, in insert
    _check_write_command_response(results)
  File "/Library/Python/2.7/site-packages/pymongo/helpers.py", line 198, in _check_write_command_response
    raise DuplicateKeyError(error.get("errmsg"), 11000, error)
DuplicateKeyError: insertDocument :: caused by :: 11000 E11000 duplicate key error index: analysis.malware.$_id_  dup key: { : "e0895336617e0b45b312383814ec6783556d7635" }
2015-02-18 14:50:12,512 - feeder - INFO - Getting file ID
2015-02-18 14:50:12,540 - feeder - INFO - Getting file ID
2015-02-18 14:50:12,560 - feeder - INFO - Getting file ID
2015-02-18 14:50:12,579 - feeder - INFO - Getting file ID
2015-02-18 14:50:12,610 - feeder - INFO - Getting file ID
2015-02-18 14:50:12,630 - feeder - INFO - Getting file ID
2015-02-18 14:50:12,651 - feeder - INFO - Getting file ID
2015-02-18 14:50:12,670 - feeder - INFO - Getting file ID
2015-02-18 14:50:12,691 - feeder - INFO - Getting file ID
2015-02-18 14:50:12,711 - feeder - INFO - Getting file ID
2015-02-18 14:50:12,731 - feeder - INFO - Getting file ID
2015-02-18 14:50:12,751 - feeder - INFO - Getting file ID
2015-02-18 14:50:12,771 - feeder - INFO - Getting file ID
2015-02-18 14:50:12,792 - feeder - INFO - Getting file ID
2015-02-18 14:50:12,813 - feeder - INFO - Getting file ID
2015-02-18 14:50:12,836 - feeder - INFO - Getting file ID
2015-02-18 14:50:12,857 - feeder - INFO - Getting file ID
2015-02-18 14:50:12,910 - feeder - INFO - Getting file ID
2015-02-18 14:50:12,930 - feeder - INFO - Getting file ID
2015-02-18 14:50:12,953 - feeder - INFO - Getting file ID
2015-02-18 14:50:12,978 - feeder - INFO - Getting file ID
2015-02-18 14:50:13,008 - feeder - INFO - Getting file ID
2015-02-18 14:50:13,041 - feeder - INFO - Getting file ID
2015-02-18 14:50:13,114 - feeder - ERROR - PyMongoError
Traceback (most recent call last):
  File "feeder.py", line 117, in createRecord
    dba.malware.insert(fp)
  File "/Library/Python/2.7/site-packages/pymongo/collection.py", line 407, in insert
    _check_write_command_response(results)
  File "/Library/Python/2.7/site-packages/pymongo/helpers.py", line 198, in _check_write_command_response
    raise DuplicateKeyError(error.get("errmsg"), 11000, error)
DuplicateKeyError: insertDocument :: caused by :: 11000 E11000 duplicate key error index: analysis.malware.$_id_  dup key: { : "a98ed8dd97091121497b435225521679ce7bfbb1" }
2015-02-18 14:50:13,115 - feeder - INFO - File Queue is empty, sleeping.
2015-02-18 14:50:21,845 - feeder - INFO - File Queue is empty, sleeping.
2015-02-18 14:50:21,845 - feeder - INFO - File Queue is empty, sleeping.
2015-02-18 14:50:21,845 - feeder - INFO - File Queue is empty, sleeping.
2015-02-18 14:50:21,847 - feeder - INFO - File Queue is empty, sleeping.
2015-02-18 14:50:21,847 - feeder - INFO - File Queue is empty, sleeping.
2015-02-18 14:50:21,848 - feeder - INFO - File Queue is empty, sleeping.
2015-02-18 14:50:21,848 - feeder - INFO - File Queue is empty, sleeping.
2015-02-18 14:50:21,848 - feeder - INFO - File Queue is empty, sleeping.
2015-02-18 14:50:21,848 - feeder - INFO - File Queue is empty, sleeping.
2015-02-18 14:50:21,849 - feeder - INFO - Directory empty, taking a 10 sec nap
2015-02-18 14:50:23,116 - feeder - INFO - File Queue is empty, sleeping.
2015-02-18 14:50:25,519 - feeder - INFO - Exiting... (waiting on threads)
2015-02-18 14:50:30,520 - feeder - INFO - Adios!
2015-02-18 14:53:54,029 - feeder - INFO - File Queue is empty, sleeping.
2015-02-18 14:53:54,030 - feeder - INFO - File Queue is empty, sleeping.
2015-02-18 14:53:54,030 - feeder - INFO - File Queue is empty, sleeping.
2015-02-18 14:53:54,030 - feeder - INFO - Directory empty, taking a 10 sec nap
2015-02-18 14:53:54,030 - feeder - INFO - File Queue is empty, sleeping.
2015-02-18 14:53:54,031 - feeder - INFO - File Queue is empty, sleeping.
2015-02-18 14:53:54,031 - feeder - INFO - File Queue is empty, sleeping.
2015-02-18 14:53:54,031 - feeder - INFO - File Queue is empty, sleeping.
2015-02-18 14:53:54,031 - feeder - INFO - File Queue is empty, sleeping.
2015-02-18 14:53:54,031 - feeder - INFO - File Queue is empty, sleeping.
2015-02-18 14:53:54,032 - feeder - INFO - File Queue is empty, sleeping.
2015-02-18 14:53:54,032 - feeder - INFO - File Queue is empty, sleeping.
2015-02-18 14:53:54,032 - feeder - INFO - File Queue is empty, sleeping.
2015-02-18 14:53:54,032 - feeder - INFO - File Queue is empty, sleeping.
2015-02-18 14:53:54,032 - feeder - INFO - File Queue is empty, sleeping.
2015-02-18 14:53:54,033 - feeder - INFO - File Queue is empty, sleeping.
2015-02-18 14:53:54,033 - feeder - INFO - File Queue is empty, sleeping.
2015-02-18 14:53:54,033 - feeder - INFO - File Queue is empty, sleeping.
2015-02-18 14:53:54,034 - feeder - INFO - File Queue is empty, sleeping.
2015-02-18 14:53:54,034 - feeder - INFO - File Queue is empty, sleeping.
2015-02-18 14:53:54,034 - feeder - INFO - File Queue is empty, sleeping.
2015-02-18 14:53:54,034 - feeder - INFO - Started... :-)
2015-02-18 14:54:04,030 - feeder - INFO - File Queue is empty, sleeping.
2015-02-18 14:54:04,031 - feeder - INFO - File Queue is empty, sleeping.
2015-02-18 14:54:04,031 - feeder - INFO - File Queue is empty, sleeping.
2015-02-18 14:54:04,031 - feeder - INFO - File Queue is empty, sleeping.
2015-02-18 14:54:04,032 - feeder - INFO - File Queue is empty, sleeping.
2015-02-18 14:54:04,032 - feeder - INFO - File Queue is empty, sleeping.
2015-02-18 14:54:04,032 - feeder - INFO - File Queue is empty, sleeping.
2015-02-18 14:54:04,033 - feeder - INFO - Getting file ID
2015-02-18 14:54:04,033 - feeder - INFO - Directory empty, taking a 10 sec nap
2015-02-18 14:54:04,036 - feeder - INFO - Getting file ID
2015-02-18 14:54:04,037 - feeder - INFO - Getting file ID
2015-02-18 14:54:04,037 - feeder - INFO - Getting file ID
2015-02-18 14:54:04,037 - feeder - INFO - Getting file ID
2015-02-18 14:54:04,037 - feeder - INFO - Getting file ID
2015-02-18 14:54:04,037 - feeder - INFO - Getting file ID
2015-02-18 14:54:04,037 - feeder - INFO - Getting file ID
2015-02-18 14:54:04,038 - feeder - INFO - Getting file ID
2015-02-18 14:54:04,039 - feeder - INFO - Getting file ID
2015-02-18 14:54:04,039 - feeder - INFO - Getting file ID
2015-02-18 14:54:04,039 - feeder - INFO - Getting file ID
2015-02-18 14:54:04,039 - feeder - INFO - Getting file ID
2015-02-18 14:54:04,066 - feeder - INFO - Getting file ID
2015-02-18 14:54:04,069 - feeder - INFO - Getting file ID
2015-02-18 14:54:04,071 - feeder - INFO - Getting file ID
2015-02-18 14:54:04,074 - feeder - INFO - Getting file ID
2015-02-18 14:54:04,124 - feeder - INFO - Getting file ID
2015-02-18 14:54:04,127 - feeder - INFO - Getting file ID
2015-02-18 14:54:04,127 - feeder - INFO - Getting file ID
2015-02-18 14:54:04,131 - feeder - INFO - Getting file ID
2015-02-18 14:54:04,136 - feeder - INFO - Getting file ID
2015-02-18 14:54:04,136 - feeder - INFO - Getting file ID
2015-02-18 14:54:04,148 - feeder - INFO - Getting file ID
2015-02-18 14:54:04,149 - feeder - ERROR - PyMongoError
Traceback (most recent call last):
  File "feeder.py", line 106, in createRecord
    dba.malware.insert(fp)
  File "/Library/Python/2.7/site-packages/pymongo/collection.py", line 407, in insert
    _check_write_command_response(results)
  File "/Library/Python/2.7/site-packages/pymongo/helpers.py", line 198, in _check_write_command_response
    raise DuplicateKeyError(error.get("errmsg"), 11000, error)
DuplicateKeyError: insertDocument :: caused by :: 11000 E11000 duplicate key error index: analysis.malware.$_id_  dup key: { : "e0895336617e0b45b312383814ec6783556d7635" }
2015-02-18 14:54:04,149 - feeder - INFO - Getting file ID
2015-02-18 14:54:04,150 - feeder - INFO - Getting file ID
2015-02-18 14:54:04,151 - feeder - INFO - Getting file ID
2015-02-18 14:54:04,153 - feeder - INFO - Getting file ID
2015-02-18 14:54:04,155 - feeder - INFO - Getting file ID
2015-02-18 14:54:04,158 - feeder - INFO - Getting file ID
2015-02-18 14:54:04,159 - feeder - INFO - Getting file ID
2015-02-18 14:54:04,164 - feeder - INFO - Getting file ID
2015-02-18 14:54:04,165 - feeder - INFO - Getting file ID
2015-02-18 14:54:04,167 - feeder - INFO - Getting file ID
2015-02-18 14:54:04,168 - feeder - INFO - Getting file ID
2015-02-18 14:54:04,171 - feeder - INFO - File Queue is empty, sleeping.
2015-02-18 14:54:04,171 - feeder - INFO - Getting file ID
2015-02-18 14:54:04,176 - feeder - INFO - File Queue is empty, sleeping.
2015-02-18 14:54:04,177 - feeder - INFO - File Queue is empty, sleeping.
2015-02-18 14:54:04,182 - feeder - INFO - File Queue is empty, sleeping.
2015-02-18 14:54:04,188 - feeder - INFO - File Queue is empty, sleeping.
2015-02-18 14:54:04,199 - feeder - INFO - File Queue is empty, sleeping.
2015-02-18 14:54:04,325 - feeder - INFO - File Queue is empty, sleeping.
2015-02-18 14:54:14,030 - feeder - INFO - File Queue is empty, sleeping.
2015-02-18 14:54:14,032 - feeder - INFO - File Queue is empty, sleeping.
2015-02-18 14:54:14,033 - feeder - INFO - File Queue is empty, sleeping.
2015-02-18 14:54:14,033 - feeder - INFO - File Queue is empty, sleeping.
2015-02-18 14:54:14,033 - feeder - INFO - File Queue is empty, sleeping.
2015-02-18 14:54:14,033 - feeder - INFO - File Queue is empty, sleeping.
2015-02-18 14:54:14,034 - feeder - INFO - File Queue is empty, sleeping.
2015-02-18 14:54:14,034 - feeder - INFO - Directory empty, taking a 10 sec nap
2015-02-18 14:54:14,172 - feeder - INFO - Getting file ID
2015-02-18 14:54:14,178 - feeder - INFO - Getting file ID
2015-02-18 14:54:14,178 - feeder - INFO - Getting file ID
2015-02-18 14:54:14,183 - feeder - INFO - Getting file ID
2015-02-18 14:54:14,183 - feeder - INFO - Getting file ID
2015-02-18 14:54:14,184 - feeder - INFO - Getting file ID
2015-02-18 14:54:14,187 - feeder - INFO - File Queue is empty, sleeping.
2015-02-18 14:54:14,189 - feeder - INFO - File Queue is empty, sleeping.
2015-02-18 14:54:14,190 - feeder - INFO - File Queue is empty, sleeping.
2015-02-18 14:54:14,191 - feeder - INFO - File Queue is empty, sleeping.
2015-02-18 14:54:14,200 - feeder - INFO - File Queue is empty, sleeping.
2015-02-18 14:54:14,211 - feeder - INFO - File Queue is empty, sleeping.
2015-02-18 14:54:14,326 - feeder - INFO - File Queue is empty, sleeping.
2015-02-18 14:54:24,031 - feeder - INFO - File Queue is empty, sleeping.
2015-02-18 14:54:24,034 - feeder - INFO - File Queue is empty, sleeping.
2015-02-18 14:54:24,034 - feeder - INFO - File Queue is empty, sleeping.
2015-02-18 14:54:24,035 - feeder - INFO - File Queue is empty, sleeping.
2015-02-18 14:54:24,035 - feeder - INFO - File Queue is empty, sleeping.
2015-02-18 14:54:24,035 - feeder - INFO - File Queue is empty, sleeping.
2015-02-18 14:54:24,035 - feeder - INFO - File Queue is empty, sleeping.
2015-02-18 14:54:24,036 - feeder - INFO - Directory empty, taking a 10 sec nap
2015-02-18 14:54:24,188 - feeder - INFO - File Queue is empty, sleeping.
2015-02-18 14:54:24,189 - feeder - INFO - File Queue is empty, sleeping.
2015-02-18 14:54:24,191 - feeder - INFO - File Queue is empty, sleeping.
2015-02-18 14:54:24,191 - feeder - INFO - File Queue is empty, sleeping.
2015-02-18 14:54:24,201 - feeder - INFO - File Queue is empty, sleeping.
2015-02-18 14:54:24,211 - feeder - INFO - File Queue is empty, sleeping.
2015-02-18 14:54:24,327 - feeder - INFO - File Queue is empty, sleeping.
2015-02-18 14:54:34,032 - feeder - INFO - File Queue is empty, sleeping.
2015-02-18 14:54:34,034 - feeder - INFO - File Queue is empty, sleeping.
2015-02-18 14:54:34,034 - feeder - INFO - File Queue is empty, sleeping.
2015-02-18 14:54:34,037 - feeder - INFO - File Queue is empty, sleeping.
2015-02-18 14:54:34,037 - feeder - INFO - File Queue is empty, sleeping.
2015-02-18 14:54:34,037 - feeder - INFO - File Queue is empty, sleeping.
2015-02-18 14:54:34,038 - feeder - INFO - File Queue is empty, sleeping.
2015-02-18 14:54:34,038 - feeder - INFO - Directory empty, taking a 10 sec nap
2015-02-18 14:54:34,189 - feeder - INFO - File Queue is empty, sleeping.
2015-02-18 14:54:34,189 - feeder - INFO - File Queue is empty, sleeping.
2015-02-18 14:54:34,192 - feeder - INFO - File Queue is empty, sleeping.
2015-02-18 14:54:34,192 - feeder - INFO - File Queue is empty, sleeping.
2015-02-18 14:54:34,202 - feeder - INFO - File Queue is empty, sleeping.
2015-02-18 14:54:34,213 - feeder - INFO - File Queue is empty, sleeping.
2015-02-18 14:54:34,327 - feeder - INFO - File Queue is empty, sleeping.
2015-02-18 14:54:44,033 - feeder - INFO - File Queue is empty, sleeping.
2015-02-18 14:54:44,036 - feeder - INFO - File Queue is empty, sleeping.
2015-02-18 14:54:44,036 - feeder - INFO - File Queue is empty, sleeping.
2015-02-18 14:54:44,037 - feeder - INFO - File Queue is empty, sleeping.
2015-02-18 14:54:44,039 - feeder - INFO - File Queue is empty, sleeping.
2015-02-18 14:54:44,039 - feeder - INFO - File Queue is empty, sleeping.
2015-02-18 14:54:44,039 - feeder - INFO - File Queue is empty, sleeping.
2015-02-18 14:54:44,040 - feeder - INFO - Directory empty, taking a 10 sec nap
2015-02-18 14:54:44,191 - feeder - INFO - File Queue is empty, sleeping.
2015-02-18 14:54:44,191 - feeder - INFO - File Queue is empty, sleeping.
2015-02-18 14:54:44,193 - feeder - INFO - File Queue is empty, sleeping.
2015-02-18 14:54:44,193 - feeder - INFO - File Queue is empty, sleeping.
2015-02-18 14:54:44,204 - feeder - INFO - File Queue is empty, sleeping.
2015-02-18 14:54:44,215 - feeder - INFO - File Queue is empty, sleeping.
2015-02-18 14:54:44,328 - feeder - INFO - File Queue is empty, sleeping.
2015-02-18 14:54:54,033 - feeder - INFO - File Queue is empty, sleeping.
2015-02-18 14:54:54,037 - feeder - INFO - File Queue is empty, sleeping.
2015-02-18 14:54:54,038 - feeder - INFO - File Queue is empty, sleeping.
2015-02-18 14:54:54,039 - feeder - INFO - File Queue is empty, sleeping.
2015-02-18 14:54:54,041 - feeder - INFO - File Queue is empty, sleeping.
2015-02-18 14:54:54,041 - feeder - INFO - File Queue is empty, sleeping.
2015-02-18 14:54:54,041 - feeder - INFO - File Queue is empty, sleeping.
2015-02-18 14:54:54,042 - feeder - INFO - Directory empty, taking a 10 sec nap
2015-02-18 14:54:54,192 - feeder - INFO - File Queue is empty, sleeping.
2015-02-18 14:54:54,192 - feeder - INFO - File Queue is empty, sleeping.
2015-02-18 14:54:54,195 - feeder - INFO - File Queue is empty, sleeping.
2015-02-18 14:54:54,195 - feeder - INFO - File Queue is empty, sleeping.
2015-02-18 14:54:54,205 - feeder - INFO - File Queue is empty, sleeping.
2015-02-18 14:54:54,216 - feeder - INFO - File Queue is empty, sleeping.
2015-02-18 14:54:54,328 - feeder - INFO - File Queue is empty, sleeping.
2015-02-18 14:55:04,034 - feeder - INFO - File Queue is empty, sleeping.
2015-02-18 14:55:04,039 - feeder - INFO - File Queue is empty, sleeping.
2015-02-18 14:55:04,039 - feeder - INFO - File Queue is empty, sleeping.
2015-02-18 14:55:04,039 - feeder - INFO - File Queue is empty, sleeping.
2015-02-18 14:55:04,042 - feeder - INFO - File Queue is empty, sleeping.
2015-02-18 14:55:04,042 - feeder - INFO - File Queue is empty, sleeping.
2015-02-18 14:55:04,043 - feeder - INFO - File Queue is empty, sleeping.
2015-02-18 14:55:04,043 - feeder - INFO - Directory empty, taking a 10 sec nap
2015-02-18 14:55:04,194 - feeder - INFO - File Queue is empty, sleeping.
2015-02-18 14:55:04,194 - feeder - INFO - File Queue is empty, sleeping.
2015-02-18 14:55:04,196 - feeder - INFO - File Queue is empty, sleeping.
2015-02-18 14:55:04,196 - feeder - INFO - File Queue is empty, sleeping.
2015-02-18 14:55:04,206 - feeder - INFO - File Queue is empty, sleeping.
2015-02-18 14:55:04,217 - feeder - INFO - File Queue is empty, sleeping.
2015-02-18 14:55:04,330 - feeder - INFO - File Queue is empty, sleeping.
2015-02-18 14:55:14,036 - feeder - INFO - File Queue is empty, sleeping.
2015-02-18 14:55:14,040 - feeder - INFO - File Queue is empty, sleeping.
2015-02-18 14:55:14,040 - feeder - INFO - File Queue is empty, sleeping.
2015-02-18 14:55:14,040 - feeder - INFO - File Queue is empty, sleeping.
2015-02-18 14:55:14,042 - feeder - INFO - File Queue is empty, sleeping.
2015-02-18 14:55:14,044 - feeder - INFO - File Queue is empty, sleeping.
2015-02-18 14:55:14,044 - feeder - INFO - File Queue is empty, sleeping.
2015-02-18 14:55:14,045 - feeder - INFO - Directory empty, taking a 10 sec nap
2015-02-18 14:55:14,195 - feeder - INFO - File Queue is empty, sleeping.
2015-02-18 14:55:14,196 - feeder - INFO - File Queue is empty, sleeping.
2015-02-18 14:55:14,198 - feeder - INFO - File Queue is empty, sleeping.
2015-02-18 14:55:14,198 - feeder - INFO - File Queue is empty, sleeping.
2015-02-18 14:55:14,207 - feeder - INFO - File Queue is empty, sleeping.
2015-02-18 14:55:14,219 - feeder - INFO - File Queue is empty, sleeping.
2015-02-18 14:55:14,331 - feeder - INFO - File Queue is empty, sleeping.
2015-02-18 14:55:24,037 - feeder - INFO - File Queue is empty, sleeping.
2015-02-18 14:55:24,041 - feeder - INFO - File Queue is empty, sleeping.
2015-02-18 14:55:24,041 - feeder - INFO - File Queue is empty, sleeping.
2015-02-18 14:55:24,041 - feeder - INFO - File Queue is empty, sleeping.
2015-02-18 14:55:24,044 - feeder - INFO - File Queue is empty, sleeping.
2015-02-18 14:55:24,046 - feeder - INFO - File Queue is empty, sleeping.
2015-02-18 14:55:24,046 - feeder - INFO - File Queue is empty, sleeping.
2015-02-18 14:55:24,046 - feeder - INFO - Directory empty, taking a 10 sec nap
2015-02-18 14:55:24,197 - feeder - INFO - File Queue is empty, sleeping.
2015-02-18 14:55:24,197 - feeder - INFO - File Queue is empty, sleeping.
2015-02-18 14:55:24,199 - feeder - INFO - File Queue is empty, sleeping.
2015-02-18 14:55:24,199 - feeder - INFO - File Queue is empty, sleeping.
2015-02-18 14:55:24,209 - feeder - INFO - File Queue is empty, sleeping.
2015-02-18 14:55:24,219 - feeder - INFO - File Queue is empty, sleeping.
2015-02-18 14:55:24,331 - feeder - INFO - File Queue is empty, sleeping.
2015-02-18 14:55:34,037 - feeder - INFO - File Queue is empty, sleeping.
2015-02-18 14:55:34,042 - feeder - INFO - File Queue is empty, sleeping.
2015-02-18 14:55:34,043 - feeder - INFO - File Queue is empty, sleeping.
2015-02-18 14:55:34,043 - feeder - INFO - File Queue is empty, sleeping.
2015-02-18 14:55:34,045 - feeder - INFO - File Queue is empty, sleeping.
2015-02-18 14:55:34,047 - feeder - INFO - File Queue is empty, sleeping.
2015-02-18 14:55:34,048 - feeder - INFO - File Queue is empty, sleeping.
2015-02-18 14:55:34,048 - feeder - INFO - Directory empty, taking a 10 sec nap
2015-02-18 14:55:34,199 - feeder - INFO - File Queue is empty, sleeping.
2015-02-18 14:55:34,199 - feeder - INFO - File Queue is empty, sleeping.
2015-02-18 14:55:34,199 - feeder - INFO - File Queue is empty, sleeping.
2015-02-18 14:55:34,199 - feeder - INFO - File Queue is empty, sleeping.
2015-02-18 14:55:34,210 - feeder - INFO - File Queue is empty, sleeping.
2015-02-18 14:55:34,221 - feeder - INFO - File Queue is empty, sleeping.
2015-02-18 14:55:34,332 - feeder - INFO - File Queue is empty, sleeping.
2015-02-18 14:55:44,039 - feeder - INFO - File Queue is empty, sleeping.
2015-02-18 14:55:44,043 - feeder - INFO - File Queue is empty, sleeping.
2015-02-18 14:55:44,044 - feeder - INFO - File Queue is empty, sleeping.
2015-02-18 14:55:44,044 - feeder - INFO - File Queue is empty, sleeping.
2015-02-18 14:55:44,046 - feeder - INFO - File Queue is empty, sleeping.
2015-02-18 14:55:44,049 - feeder - INFO - File Queue is empty, sleeping.
2015-02-18 14:55:44,050 - feeder - INFO - File Queue is empty, sleeping.
2015-02-18 14:55:44,050 - feeder - INFO - Directory empty, taking a 10 sec nap
2015-02-18 14:55:44,200 - feeder - INFO - File Queue is empty, sleeping.
2015-02-18 14:55:44,201 - feeder - INFO - File Queue is empty, sleeping.
2015-02-18 14:55:44,201 - feeder - INFO - File Queue is empty, sleeping.
2015-02-18 14:55:44,201 - feeder - INFO - File Queue is empty, sleeping.
2015-02-18 14:55:44,212 - feeder - INFO - File Queue is empty, sleeping.
2015-02-18 14:55:44,222 - feeder - INFO - File Queue is empty, sleeping.
2015-02-18 14:55:44,334 - feeder - INFO - File Queue is empty, sleeping.
2015-02-18 14:55:54,040 - feeder - INFO - File Queue is empty, sleeping.
2015-02-18 14:55:54,044 - feeder - INFO - File Queue is empty, sleeping.
2015-02-18 14:55:54,046 - feeder - INFO - File Queue is empty, sleeping.
2015-02-18 14:55:54,046 - feeder - INFO - File Queue is empty, sleeping.
2015-02-18 14:55:54,047 - feeder - INFO - File Queue is empty, sleeping.
2015-02-18 14:55:54,051 - feeder - INFO - File Queue is empty, sleeping.
2015-02-18 14:55:54,051 - feeder - INFO - File Queue is empty, sleeping.
2015-02-18 14:55:54,052 - feeder - INFO - Directory empty, taking a 10 sec nap
2015-02-18 14:55:54,202 - feeder - INFO - File Queue is empty, sleeping.
2015-02-18 14:55:54,202 - feeder - INFO - File Queue is empty, sleeping.
2015-02-18 14:55:54,202 - feeder - INFO - File Queue is empty, sleeping.
2015-02-18 14:55:54,203 - feeder - INFO - File Queue is empty, sleeping.
2015-02-18 14:55:54,213 - feeder - INFO - File Queue is empty, sleeping.
2015-02-18 14:55:54,223 - feeder - INFO - File Queue is empty, sleeping.
2015-02-18 14:55:54,335 - feeder - INFO - File Queue is empty, sleeping.
2015-02-18 14:56:04,041 - feeder - INFO - File Queue is empty, sleeping.
2015-02-18 14:56:04,044 - feeder - INFO - File Queue is empty, sleeping.
2015-02-18 14:56:04,047 - feeder - INFO - File Queue is empty, sleeping.
2015-02-18 14:56:04,048 - feeder - INFO - File Queue is empty, sleeping.
2015-02-18 14:56:04,048 - feeder - INFO - File Queue is empty, sleeping.
2015-02-18 14:56:04,053 - feeder - INFO - File Queue is empty, sleeping.
2015-02-18 14:56:04,053 - feeder - INFO - File Queue is empty, sleeping.
2015-02-18 14:56:04,053 - feeder - INFO - Directory empty, taking a 10 sec nap
2015-02-18 14:56:04,204 - feeder - INFO - File Queue is empty, sleeping.
2015-02-18 14:56:04,204 - feeder - INFO - File Queue is empty, sleeping.
2015-02-18 14:56:04,205 - feeder - INFO - File Queue is empty, sleeping.
2015-02-18 14:56:04,205 - feeder - INFO - File Queue is empty, sleeping.
2015-02-18 14:56:04,215 - feeder - INFO - File Queue is empty, sleeping.
2015-02-18 14:56:04,224 - feeder - INFO - File Queue is empty, sleeping.
2015-02-18 14:56:04,336 - feeder - INFO - File Queue is empty, sleeping.
2015-02-18 14:56:14,042 - feeder - INFO - File Queue is empty, sleeping.
2015-02-18 14:56:14,045 - feeder - INFO - File Queue is empty, sleeping.
2015-02-18 14:56:14,048 - feeder - INFO - File Queue is empty, sleeping.
2015-02-18 14:56:14,048 - feeder - INFO - File Queue is empty, sleeping.
2015-02-18 14:56:14,049 - feeder - INFO - File Queue is empty, sleeping.
2015-02-18 14:56:14,054 - feeder - INFO - File Queue is empty, sleeping.
2015-02-18 14:56:14,054 - feeder - INFO - File Queue is empty, sleeping.
2015-02-18 14:56:14,055 - feeder - INFO - Directory empty, taking a 10 sec nap
2015-02-18 14:56:14,206 - feeder - INFO - File Queue is empty, sleeping.
2015-02-18 14:56:14,206 - feeder - INFO - File Queue is empty, sleeping.
2015-02-18 14:56:14,206 - feeder - INFO - File Queue is empty, sleeping.
2015-02-18 14:56:14,206 - feeder - INFO - File Queue is empty, sleeping.
2015-02-18 14:56:14,216 - feeder - INFO - File Queue is empty, sleeping.
2015-02-18 14:56:14,225 - feeder - INFO - File Queue is empty, sleeping.
2015-02-18 14:56:14,337 - feeder - INFO - File Queue is empty, sleeping.
2015-02-18 14:56:24,044 - feeder - INFO - File Queue is empty, sleeping.
2015-02-18 14:56:24,046 - feeder - INFO - File Queue is empty, sleeping.
2015-02-18 14:56:24,050 - feeder - INFO - File Queue is empty, sleeping.
2015-02-18 14:56:24,050 - feeder - INFO - File Queue is empty, sleeping.
2015-02-18 14:56:24,050 - feeder - INFO - File Queue is empty, sleeping.
2015-02-18 14:56:24,056 - feeder - INFO - File Queue is empty, sleeping.
2015-02-18 14:56:24,056 - feeder - INFO - File Queue is empty, sleeping.
2015-02-18 14:56:24,057 - feeder - INFO - Directory empty, taking a 10 sec nap
2015-02-18 14:56:24,207 - feeder - INFO - File Queue is empty, sleeping.
2015-02-18 14:56:24,207 - feeder - INFO - File Queue is empty, sleeping.
2015-02-18 14:56:24,207 - feeder - INFO - File Queue is empty, sleeping.
2015-02-18 14:56:24,207 - feeder - INFO - File Queue is empty, sleeping.
2015-02-18 14:56:24,217 - feeder - INFO - File Queue is empty, sleeping.
2015-02-18 14:56:24,226 - feeder - INFO - File Queue is empty, sleeping.
2015-02-18 14:56:24,339 - feeder - INFO - File Queue is empty, sleeping.
2015-02-18 14:56:34,044 - feeder - INFO - File Queue is empty, sleeping.
2015-02-18 14:56:34,047 - feeder - INFO - File Queue is empty, sleeping.
2015-02-18 14:56:34,051 - feeder - INFO - File Queue is empty, sleeping.
2015-02-18 14:56:34,051 - feeder - INFO - File Queue is empty, sleeping.
2015-02-18 14:56:34,051 - feeder - INFO - File Queue is empty, sleeping.
2015-02-18 14:56:34,058 - feeder - INFO - File Queue is empty, sleeping.
2015-02-18 14:56:34,058 - feeder - INFO - File Queue is empty, sleeping.
2015-02-18 14:56:34,058 - feeder - INFO - Directory empty, taking a 10 sec nap
2015-02-18 14:56:34,209 - feeder - INFO - File Queue is empty, sleeping.
2015-02-18 14:56:34,209 - feeder - INFO - File Queue is empty, sleeping.
2015-02-18 14:56:34,209 - feeder - INFO - File Queue is empty, sleeping.
2015-02-18 14:56:34,209 - feeder - INFO - File Queue is empty, sleeping.
2015-02-18 14:56:34,218 - feeder - INFO - File Queue is empty, sleeping.
2015-02-18 14:56:34,228 - feeder - INFO - File Queue is empty, sleeping.
2015-02-18 14:56:34,340 - feeder - INFO - File Queue is empty, sleeping.
2015-02-18 14:56:44,046 - feeder - INFO - File Queue is empty, sleeping.
2015-02-18 14:56:44,049 - feeder - INFO - File Queue is empty, sleeping.
2015-02-18 14:56:44,052 - feeder - INFO - File Queue is empty, sleeping.
2015-02-18 14:56:44,052 - feeder - INFO - File Queue is empty, sleeping.
2015-02-18 14:56:44,052 - feeder - INFO - File Queue is empty, sleeping.
2015-02-18 14:56:44,059 - feeder - INFO - File Queue is empty, sleeping.
2015-02-18 14:56:44,059 - feeder - INFO - File Queue is empty, sleeping.
2015-02-18 14:56:44,059 - feeder - INFO - Directory empty, taking a 10 sec nap
2015-02-18 14:56:44,211 - feeder - INFO - File Queue is empty, sleeping.
2015-02-18 14:56:44,211 - feeder - INFO - File Queue is empty, sleeping.
2015-02-18 14:56:44,211 - feeder - INFO - File Queue is empty, sleeping.
2015-02-18 14:56:44,211 - feeder - INFO - File Queue is empty, sleeping.
2015-02-18 14:56:44,219 - feeder - INFO - File Queue is empty, sleeping.
2015-02-18 14:56:44,228 - feeder - INFO - File Queue is empty, sleeping.
2015-02-18 14:56:44,342 - feeder - INFO - File Queue is empty, sleeping.
2015-02-18 14:56:54,047 - feeder - INFO - File Queue is empty, sleeping.
2015-02-18 14:56:54,050 - feeder - INFO - File Queue is empty, sleeping.
2015-02-18 14:56:54,054 - feeder - INFO - File Queue is empty, sleeping.
2015-02-18 14:56:54,054 - feeder - INFO - File Queue is empty, sleeping.
2015-02-18 14:56:54,054 - feeder - INFO - File Queue is empty, sleeping.
2015-02-18 14:56:54,060 - feeder - INFO - File Queue is empty, sleeping.
2015-02-18 14:56:54,060 - feeder - INFO - File Queue is empty, sleeping.
2015-02-18 14:56:54,060 - feeder - INFO - Directory empty, taking a 10 sec nap
2015-02-18 14:56:54,212 - feeder - INFO - File Queue is empty, sleeping.
2015-02-18 14:56:54,213 - feeder - INFO - File Queue is empty, sleeping.
2015-02-18 14:56:54,213 - feeder - INFO - File Queue is empty, sleeping.
2015-02-18 14:56:54,213 - feeder - INFO - File Queue is empty, sleeping.
2015-02-18 14:56:54,220 - feeder - INFO - File Queue is empty, sleeping.
2015-02-18 14:56:54,230 - feeder - INFO - File Queue is empty, sleeping.
2015-02-18 14:56:54,343 - feeder - INFO - File Queue is empty, sleeping.
2015-02-18 14:57:04,049 - feeder - INFO - File Queue is empty, sleeping.
2015-02-18 14:57:04,051 - feeder - INFO - File Queue is empty, sleeping.
2015-02-18 14:57:04,055 - feeder - INFO - File Queue is empty, sleeping.
2015-02-18 14:57:04,055 - feeder - INFO - File Queue is empty, sleeping.
2015-02-18 14:57:04,055 - feeder - INFO - File Queue is empty, sleeping.
2015-02-18 14:57:04,061 - feeder - INFO - File Queue is empty, sleeping.
2015-02-18 14:57:04,062 - feeder - INFO - File Queue is empty, sleeping.
2015-02-18 14:57:04,062 - feeder - INFO - Directory empty, taking a 10 sec nap
2015-02-18 14:57:04,214 - feeder - INFO - File Queue is empty, sleeping.
2015-02-18 14:57:04,214 - feeder - INFO - File Queue is empty, sleeping.
2015-02-18 14:57:04,214 - feeder - INFO - File Queue is empty, sleeping.
2015-02-18 14:57:04,214 - feeder - INFO - File Queue is empty, sleeping.
2015-02-18 14:57:04,221 - feeder - INFO - File Queue is empty, sleeping.
2015-02-18 14:57:04,231 - feeder - INFO - File Queue is empty, sleeping.
2015-02-18 14:57:04,344 - feeder - INFO - File Queue is empty, sleeping.
2015-02-18 14:57:14,050 - feeder - INFO - File Queue is empty, sleeping.
2015-02-18 14:57:14,052 - feeder - INFO - File Queue is empty, sleeping.
2015-02-18 14:57:14,056 - feeder - INFO - File Queue is empty, sleeping.
2015-02-18 14:57:14,057 - feeder - INFO - File Queue is empty, sleeping.
2015-02-18 14:57:14,057 - feeder - INFO - File Queue is empty, sleeping.
2015-02-18 14:57:14,063 - feeder - INFO - File Queue is empty, sleeping.
2015-02-18 14:57:14,063 - feeder - INFO - File Queue is empty, sleeping.
2015-02-18 14:57:14,064 - feeder - INFO - Directory empty, taking a 10 sec nap
2015-02-18 14:57:14,215 - feeder - INFO - File Queue is empty, sleeping.
2015-02-18 14:57:14,215 - feeder - INFO - File Queue is empty, sleeping.
2015-02-18 14:57:14,216 - feeder - INFO - File Queue is empty, sleeping.
2015-02-18 14:57:14,216 - feeder - INFO - File Queue is empty, sleeping.
2015-02-18 14:57:14,222 - feeder - INFO - File Queue is empty, sleeping.
2015-02-18 14:57:14,233 - feeder - INFO - File Queue is empty, sleeping.
2015-02-18 14:57:14,346 - feeder - INFO - File Queue is empty, sleeping.
2015-02-18 14:57:24,050 - feeder - INFO - File Queue is empty, sleeping.
2015-02-18 14:57:24,053 - feeder - INFO - File Queue is empty, sleeping.
2015-02-18 14:57:24,057 - feeder - INFO - File Queue is empty, sleeping.
2015-02-18 14:57:24,058 - feeder - INFO - File Queue is empty, sleeping.
2015-02-18 14:57:24,058 - feeder - INFO - File Queue is empty, sleeping.
2015-02-18 14:57:24,064 - feeder - INFO - File Queue is empty, sleeping.
2015-02-18 14:57:24,064 - feeder - INFO - File Queue is empty, sleeping.
2015-02-18 14:57:24,064 - feeder - INFO - Directory empty, taking a 10 sec nap
2015-02-18 14:57:24,217 - feeder - INFO - File Queue is empty, sleeping.
2015-02-18 14:57:24,217 - feeder - INFO - File Queue is empty, sleeping.
2015-02-18 14:57:24,218 - feeder - INFO - File Queue is empty, sleeping.
2015-02-18 14:57:24,218 - feeder - INFO - File Queue is empty, sleeping.
2015-02-18 14:57:24,224 - feeder - INFO - File Queue is empty, sleeping.
2015-02-18 14:57:24,234 - feeder - INFO - File Queue is empty, sleeping.
2015-02-18 14:57:24,347 - feeder - INFO - File Queue is empty, sleeping.
2015-02-18 14:57:34,051 - feeder - INFO - File Queue is empty, sleeping.
2015-02-18 14:57:34,055 - feeder - INFO - File Queue is empty, sleeping.
2015-02-18 14:57:34,058 - feeder - INFO - File Queue is empty, sleeping.
2015-02-18 14:57:34,058 - feeder - INFO - File Queue is empty, sleeping.
2015-02-18 14:57:34,058 - feeder - INFO - File Queue is empty, sleeping.
2015-02-18 14:57:34,065 - feeder - INFO - File Queue is empty, sleeping.
2015-02-18 14:57:34,065 - feeder - INFO - File Queue is empty, sleeping.
2015-02-18 14:57:34,065 - feeder - INFO - Directory empty, taking a 10 sec nap
2015-02-18 14:57:34,219 - feeder - INFO - File Queue is empty, sleeping.
2015-02-18 14:57:34,219 - feeder - INFO - File Queue is empty, sleeping.
2015-02-18 14:57:34,219 - feeder - INFO - File Queue is empty, sleeping.
2015-02-18 14:57:34,220 - feeder - INFO - File Queue is empty, sleeping.
2015-02-18 14:57:34,225 - feeder - INFO - File Queue is empty, sleeping.
2015-02-18 14:57:34,235 - feeder - INFO - File Queue is empty, sleeping.
2015-02-18 14:57:34,348 - feeder - INFO - File Queue is empty, sleeping.
2015-02-18 14:57:44,053 - feeder - INFO - File Queue is empty, sleeping.
2015-02-18 14:57:44,056 - feeder - INFO - File Queue is empty, sleeping.
2015-02-18 14:57:44,060 - feeder - INFO - File Queue is empty, sleeping.
2015-02-18 14:57:44,060 - feeder - INFO - File Queue is empty, sleeping.
2015-02-18 14:57:44,060 - feeder - INFO - File Queue is empty, sleeping.
2015-02-18 14:57:44,066 - feeder - INFO - File Queue is empty, sleeping.
2015-02-18 14:57:44,067 - feeder - INFO - File Queue is empty, sleeping.
2015-02-18 14:57:44,067 - feeder - INFO - Directory empty, taking a 10 sec nap
2015-02-18 14:57:44,220 - feeder - INFO - File Queue is empty, sleeping.
2015-02-18 14:57:44,220 - feeder - INFO - File Queue is empty, sleeping.
2015-02-18 14:57:44,220 - feeder - INFO - File Queue is empty, sleeping.
2015-02-18 14:57:44,221 - feeder - INFO - File Queue is empty, sleeping.
2015-02-18 14:57:44,226 - feeder - INFO - File Queue is empty, sleeping.
2015-02-18 14:57:44,236 - feeder - INFO - File Queue is empty, sleeping.
2015-02-18 14:57:44,349 - feeder - INFO - File Queue is empty, sleeping.
2015-02-18 14:57:54,054 - feeder - INFO - File Queue is empty, sleeping.
2015-02-18 14:57:54,058 - feeder - INFO - File Queue is empty, sleeping.
2015-02-18 14:57:54,061 - feeder - INFO - File Queue is empty, sleeping.
2015-02-18 14:57:54,061 - feeder - INFO - File Queue is empty, sleeping.
2015-02-18 14:57:54,061 - feeder - INFO - File Queue is empty, sleeping.
2015-02-18 14:57:54,068 - feeder - INFO - File Queue is empty, sleeping.
2015-02-18 14:57:54,068 - feeder - INFO - File Queue is empty, sleeping.
2015-02-18 14:57:54,069 - feeder - INFO - Directory empty, taking a 10 sec nap
2015-02-18 14:57:54,222 - feeder - INFO - File Queue is empty, sleeping.
2015-02-18 14:57:54,222 - feeder - INFO - File Queue is empty, sleeping.
2015-02-18 14:57:54,223 - feeder - INFO - File Queue is empty, sleeping.
2015-02-18 14:57:54,223 - feeder - INFO - File Queue is empty, sleeping.
2015-02-18 14:57:54,228 - feeder - INFO - File Queue is empty, sleeping.
2015-02-18 14:57:54,237 - feeder - INFO - File Queue is empty, sleeping.
2015-02-18 14:57:54,350 - feeder - INFO - File Queue is empty, sleeping.
2015-02-18 14:58:04,056 - feeder - INFO - File Queue is empty, sleeping.
2015-02-18 14:58:04,059 - feeder - INFO - File Queue is empty, sleeping.
2015-02-18 14:58:04,062 - feeder - INFO - File Queue is empty, sleeping.
2015-02-18 14:58:04,062 - feeder - INFO - File Queue is empty, sleeping.
2015-02-18 14:58:04,062 - feeder - INFO - File Queue is empty, sleeping.
2015-02-18 14:58:04,070 - feeder - INFO - File Queue is empty, sleeping.
2015-02-18 14:58:04,070 - feeder - INFO - File Queue is empty, sleeping.
2015-02-18 14:58:04,070 - feeder - INFO - Directory empty, taking a 10 sec nap
2015-02-18 14:58:04,224 - feeder - INFO - File Queue is empty, sleeping.
2015-02-18 14:58:04,224 - feeder - INFO - File Queue is empty, sleeping.
2015-02-18 14:58:04,224 - feeder - INFO - File Queue is empty, sleeping.
2015-02-18 14:58:04,224 - feeder - INFO - File Queue is empty, sleeping.
2015-02-18 14:58:04,229 - feeder - INFO - File Queue is empty, sleeping.
2015-02-18 14:58:04,238 - feeder - INFO - File Queue is empty, sleeping.
2015-02-18 14:58:04,352 - feeder - INFO - File Queue is empty, sleeping.
2015-02-18 14:58:14,057 - feeder - INFO - File Queue is empty, sleeping.
2015-02-18 14:58:14,059 - feeder - INFO - File Queue is empty, sleeping.
2015-02-18 14:58:14,063 - feeder - INFO - File Queue is empty, sleeping.
2015-02-18 14:58:14,063 - feeder - INFO - File Queue is empty, sleeping.
2015-02-18 14:58:14,063 - feeder - INFO - File Queue is empty, sleeping.
2015-02-18 14:58:14,071 - feeder - INFO - File Queue is empty, sleeping.
2015-02-18 14:58:14,072 - feeder - INFO - File Queue is empty, sleeping.
2015-02-18 14:58:14,072 - feeder - INFO - Directory empty, taking a 10 sec nap
2015-02-18 14:58:14,225 - feeder - INFO - File Queue is empty, sleeping.
2015-02-18 14:58:14,225 - feeder - INFO - File Queue is empty, sleeping.
2015-02-18 14:58:14,226 - feeder - INFO - File Queue is empty, sleeping.
2015-02-18 14:58:14,226 - feeder - INFO - File Queue is empty, sleeping.
2015-02-18 14:58:14,230 - feeder - INFO - File Queue is empty, sleeping.
2015-02-18 14:58:14,239 - feeder - INFO - File Queue is empty, sleeping.
2015-02-18 14:58:14,353 - feeder - INFO - File Queue is empty, sleeping.
2015-02-18 14:58:24,058 - feeder - INFO - File Queue is empty, sleeping.
2015-02-18 14:58:24,060 - feeder - INFO - File Queue is empty, sleeping.
2015-02-18 14:58:24,065 - feeder - INFO - File Queue is empty, sleeping.
2015-02-18 14:58:24,065 - feeder - INFO - File Queue is empty, sleeping.
2015-02-18 14:58:24,065 - feeder - INFO - File Queue is empty, sleeping.
2015-02-18 14:58:24,073 - feeder - INFO - File Queue is empty, sleeping.
2015-02-18 14:58:24,073 - feeder - INFO - File Queue is empty, sleeping.
2015-02-18 14:58:24,074 - feeder - INFO - Directory empty, taking a 10 sec nap
2015-02-18 14:58:24,227 - feeder - INFO - File Queue is empty, sleeping.
2015-02-18 14:58:24,227 - feeder - INFO - File Queue is empty, sleeping.
2015-02-18 14:58:24,227 - feeder - INFO - File Queue is empty, sleeping.
2015-02-18 14:58:24,227 - feeder - INFO - File Queue is empty, sleeping.
2015-02-18 14:58:24,232 - feeder - INFO - File Queue is empty, sleeping.
2015-02-18 14:58:24,239 - feeder - INFO - File Queue is empty, sleeping.
2015-02-18 14:58:24,354 - feeder - INFO - File Queue is empty, sleeping.
2015-02-18 14:58:34,059 - feeder - INFO - File Queue is empty, sleeping.
2015-02-18 14:58:34,061 - feeder - INFO - File Queue is empty, sleeping.
2015-02-18 14:58:34,066 - feeder - INFO - File Queue is empty, sleeping.
2015-02-18 14:58:34,066 - feeder - INFO - File Queue is empty, sleeping.
2015-02-18 14:58:34,066 - feeder - INFO - File Queue is empty, sleeping.
2015-02-18 14:58:34,075 - feeder - INFO - File Queue is empty, sleeping.
2015-02-18 14:58:34,075 - feeder - INFO - File Queue is empty, sleeping.
2015-02-18 14:58:34,075 - feeder - INFO - Directory empty, taking a 10 sec nap
2015-02-18 14:58:34,227 - feeder - INFO - File Queue is empty, sleeping.
2015-02-18 14:58:34,228 - feeder - INFO - File Queue is empty, sleeping.
2015-02-18 14:58:34,228 - feeder - INFO - File Queue is empty, sleeping.
2015-02-18 14:58:34,228 - feeder - INFO - File Queue is empty, sleeping.
2015-02-18 14:58:34,232 - feeder - INFO - File Queue is empty, sleeping.
2015-02-18 14:58:34,240 - feeder - INFO - File Queue is empty, sleeping.
2015-02-18 14:58:34,354 - feeder - INFO - File Queue is empty, sleeping.
2015-02-18 14:58:44,060 - feeder - INFO - File Queue is empty, sleeping.
2015-02-18 14:58:44,061 - feeder - INFO - File Queue is empty, sleeping.
2015-02-18 14:58:44,066 - feeder - INFO - File Queue is empty, sleeping.
2015-02-18 14:58:44,067 - feeder - INFO - File Queue is empty, sleeping.
2015-02-18 14:58:44,067 - feeder - INFO - File Queue is empty, sleeping.
2015-02-18 14:58:44,076 - feeder - INFO - File Queue is empty, sleeping.
2015-02-18 14:58:44,076 - feeder - INFO - File Queue is empty, sleeping.
2015-02-18 14:58:44,077 - feeder - INFO - Directory empty, taking a 10 sec nap
2015-02-18 14:58:44,228 - feeder - INFO - File Queue is empty, sleeping.
2015-02-18 14:58:44,228 - feeder - INFO - File Queue is empty, sleeping.
2015-02-18 14:58:44,229 - feeder - INFO - File Queue is empty, sleeping.
2015-02-18 14:58:44,229 - feeder - INFO - File Queue is empty, sleeping.
2015-02-18 14:58:44,233 - feeder - INFO - File Queue is empty, sleeping.
2015-02-18 14:58:44,241 - feeder - INFO - File Queue is empty, sleeping.
2015-02-18 14:58:44,355 - feeder - INFO - File Queue is empty, sleeping.
2015-02-18 14:58:54,061 - feeder - INFO - File Queue is empty, sleeping.
2015-02-18 14:58:54,062 - feeder - INFO - File Queue is empty, sleeping.
2015-02-18 14:58:54,068 - feeder - INFO - File Queue is empty, sleeping.
2015-02-18 14:58:54,068 - feeder - INFO - File Queue is empty, sleeping.
2015-02-18 14:58:54,068 - feeder - INFO - File Queue is empty, sleeping.
2015-02-18 14:58:54,078 - feeder - INFO - File Queue is empty, sleeping.
2015-02-18 14:58:54,078 - feeder - INFO - File Queue is empty, sleeping.
2015-02-18 14:58:54,079 - feeder - INFO - Directory empty, taking a 10 sec nap
2015-02-18 14:58:54,230 - feeder - INFO - File Queue is empty, sleeping.
2015-02-18 14:58:54,230 - feeder - INFO - File Queue is empty, sleeping.
2015-02-18 14:58:54,230 - feeder - INFO - File Queue is empty, sleeping.
2015-02-18 14:58:54,231 - feeder - INFO - File Queue is empty, sleeping.
2015-02-18 14:58:54,235 - feeder - INFO - File Queue is empty, sleeping.
2015-02-18 14:58:54,242 - feeder - INFO - File Queue is empty, sleeping.
2015-02-18 14:58:54,356 - feeder - INFO - File Queue is empty, sleeping.
2015-02-18 14:59:04,063 - feeder - INFO - File Queue is empty, sleeping.
2015-02-18 14:59:04,064 - feeder - INFO - File Queue is empty, sleeping.
2015-02-18 14:59:04,069 - feeder - INFO - File Queue is empty, sleeping.
2015-02-18 14:59:04,070 - feeder - INFO - File Queue is empty, sleeping.
2015-02-18 14:59:04,070 - feeder - INFO - File Queue is empty, sleeping.
2015-02-18 14:59:04,080 - feeder - INFO - File Queue is empty, sleeping.
2015-02-18 14:59:04,080 - feeder - INFO - Directory empty, taking a 10 sec nap
2015-02-18 14:59:04,080 - feeder - INFO - File Queue is empty, sleeping.
2015-02-18 14:59:04,232 - feeder - INFO - File Queue is empty, sleeping.
2015-02-18 14:59:04,232 - feeder - INFO - File Queue is empty, sleeping.
2015-02-18 14:59:04,233 - feeder - INFO - File Queue is empty, sleeping.
2015-02-18 14:59:04,232 - feeder - INFO - File Queue is empty, sleeping.
2015-02-18 14:59:04,235 - feeder - INFO - File Queue is empty, sleeping.
2015-02-18 14:59:04,243 - feeder - INFO - File Queue is empty, sleeping.
2015-02-18 14:59:04,357 - feeder - INFO - File Queue is empty, sleeping.
2015-02-18 14:59:14,063 - feeder - INFO - File Queue is empty, sleeping.
2015-02-18 14:59:14,065 - feeder - INFO - File Queue is empty, sleeping.
2015-02-18 14:59:14,071 - feeder - INFO - File Queue is empty, sleeping.
2015-02-18 14:59:14,071 - feeder - INFO - File Queue is empty, sleeping.
2015-02-18 14:59:14,071 - feeder - INFO - File Queue is empty, sleeping.
2015-02-18 14:59:14,081 - feeder - INFO - File Queue is empty, sleeping.
2015-02-18 14:59:14,082 - feeder - INFO - File Queue is empty, sleeping.
2015-02-18 14:59:14,082 - feeder - INFO - Directory empty, taking a 10 sec nap
2015-02-18 14:59:14,234 - feeder - INFO - File Queue is empty, sleeping.
2015-02-18 14:59:14,234 - feeder - INFO - File Queue is empty, sleeping.
2015-02-18 14:59:14,235 - feeder - INFO - File Queue is empty, sleeping.
2015-02-18 14:59:14,235 - feeder - INFO - File Queue is empty, sleeping.
2015-02-18 14:59:14,236 - feeder - INFO - File Queue is empty, sleeping.
2015-02-18 14:59:14,244 - feeder - INFO - File Queue is empty, sleeping.
2015-02-18 14:59:14,358 - feeder - INFO - File Queue is empty, sleeping.
2015-02-18 14:59:24,065 - feeder - INFO - File Queue is empty, sleeping.
2015-02-18 14:59:24,066 - feeder - INFO - File Queue is empty, sleeping.
2015-02-18 14:59:24,073 - feeder - INFO - File Queue is empty, sleeping.
2015-02-18 14:59:24,073 - feeder - INFO - File Queue is empty, sleeping.
2015-02-18 14:59:24,073 - feeder - INFO - File Queue is empty, sleeping.
2015-02-18 14:59:24,081 - feeder - INFO - File Queue is empty, sleeping.
2015-02-18 14:59:24,083 - feeder - INFO - File Queue is empty, sleeping.
2015-02-18 14:59:24,083 - feeder - INFO - Directory empty, taking a 10 sec nap
2015-02-18 14:59:24,235 - feeder - INFO - File Queue is empty, sleeping.
2015-02-18 14:59:24,235 - feeder - INFO - File Queue is empty, sleeping.
2015-02-18 14:59:24,236 - feeder - INFO - File Queue is empty, sleeping.
2015-02-18 14:59:24,236 - feeder - INFO - File Queue is empty, sleeping.
2015-02-18 14:59:24,236 - feeder - INFO - File Queue is empty, sleeping.
2015-02-18 14:59:24,245 - feeder - INFO - File Queue is empty, sleeping.
2015-02-18 14:59:24,359 - feeder - INFO - File Queue is empty, sleeping.
2015-02-18 14:59:34,065 - feeder - INFO - File Queue is empty, sleeping.
2015-02-18 14:59:34,068 - feeder - INFO - File Queue is empty, sleeping.
2015-02-18 14:59:34,074 - feeder - INFO - File Queue is empty, sleeping.
2015-02-18 14:59:34,074 - feeder - INFO - File Queue is empty, sleeping.
2015-02-18 14:59:34,074 - feeder - INFO - File Queue is empty, sleeping.
2015-02-18 14:59:34,082 - feeder - INFO - File Queue is empty, sleeping.
2015-02-18 14:59:34,085 - feeder - INFO - File Queue is empty, sleeping.
2015-02-18 14:59:34,085 - feeder - INFO - Directory empty, taking a 10 sec nap
2015-02-18 14:59:34,236 - feeder - INFO - File Queue is empty, sleeping.
2015-02-18 14:59:34,237 - feeder - INFO - File Queue is empty, sleeping.
2015-02-18 14:59:34,237 - feeder - INFO - File Queue is empty, sleeping.
2015-02-18 14:59:34,237 - feeder - INFO - File Queue is empty, sleeping.
2015-02-18 14:59:34,237 - feeder - INFO - File Queue is empty, sleeping.
2015-02-18 14:59:34,245 - feeder - INFO - File Queue is empty, sleeping.
2015-02-18 14:59:34,360 - feeder - INFO - File Queue is empty, sleeping.
2015-02-18 14:59:44,067 - feeder - INFO - File Queue is empty, sleeping.
2015-02-18 14:59:44,069 - feeder - INFO - File Queue is empty, sleeping.
2015-02-18 14:59:44,076 - feeder - INFO - File Queue is empty, sleeping.
2015-02-18 14:59:44,076 - feeder - INFO - File Queue is empty, sleeping.
2015-02-18 14:59:44,077 - feeder - INFO - File Queue is empty, sleeping.
2015-02-18 14:59:44,083 - feeder - INFO - File Queue is empty, sleeping.
2015-02-18 14:59:44,086 - feeder - INFO - File Queue is empty, sleeping.
2015-02-18 14:59:44,086 - feeder - INFO - Directory empty, taking a 10 sec nap
2015-02-18 14:59:44,238 - feeder - INFO - File Queue is empty, sleeping.
2015-02-18 14:59:44,238 - feeder - INFO - File Queue is empty, sleeping.
2015-02-18 14:59:44,239 - feeder - INFO - File Queue is empty, sleeping.
2015-02-18 14:59:44,239 - feeder - INFO - File Queue is empty, sleeping.
2015-02-18 14:59:44,239 - feeder - INFO - File Queue is empty, sleeping.
2015-02-18 14:59:44,246 - feeder - INFO - File Queue is empty, sleeping.
2015-02-18 14:59:44,361 - feeder - INFO - File Queue is empty, sleeping.
2015-02-18 14:59:53,991 - feeder - INFO - Exiting... (waiting on threads)
2015-02-18 14:59:58,991 - feeder - INFO - Adios!
2015-02-18 15:17:10,521 - feeder - INFO - File Queue is empty, sleeping.
2015-02-18 15:17:10,521 - feeder - INFO - File Queue is empty, sleeping.
2015-02-18 15:17:10,521 - feeder - INFO - Directory empty, taking a 10 sec nap
2015-02-18 15:17:10,521 - feeder - INFO - File Queue is empty, sleeping.
2015-02-18 15:17:10,521 - feeder - INFO - File Queue is empty, sleeping.
2015-02-18 15:17:10,522 - feeder - INFO - File Queue is empty, sleeping.
2015-02-18 15:17:10,522 - feeder - INFO - File Queue is empty, sleeping.
2015-02-18 15:17:10,522 - feeder - INFO - File Queue is empty, sleeping.
2015-02-18 15:17:10,522 - feeder - INFO - File Queue is empty, sleeping.
2015-02-18 15:17:10,523 - feeder - INFO - File Queue is empty, sleeping.
2015-02-18 15:17:10,523 - feeder - INFO - File Queue is empty, sleeping.
2015-02-18 15:17:10,523 - feeder - INFO - File Queue is empty, sleeping.
2015-02-18 15:17:10,523 - feeder - INFO - File Queue is empty, sleeping.
2015-02-18 15:17:10,523 - feeder - INFO - File Queue is empty, sleeping.
2015-02-18 15:17:10,524 - feeder - INFO - File Queue is empty, sleeping.
2015-02-18 15:17:10,524 - feeder - INFO - File Queue is empty, sleeping.
2015-02-18 15:17:10,524 - feeder - INFO - File Queue is empty, sleeping.
2015-02-18 15:17:10,524 - feeder - INFO - File Queue is empty, sleeping.
2015-02-18 15:17:10,525 - feeder - INFO - File Queue is empty, sleeping.
2015-02-18 15:17:10,525 - feeder - INFO - File Queue is empty, sleeping.
2015-02-18 15:17:10,525 - feeder - INFO - File Queue is empty, sleeping.
2015-02-18 15:17:10,525 - feeder - INFO - Started... :-)
2015-02-18 15:17:20,521 - feeder - INFO - File Queue is empty, sleeping.
2015-02-18 15:17:20,523 - feeder - INFO - File Queue is empty, sleeping.
2015-02-18 15:17:20,523 - feeder - INFO - File Queue is empty, sleeping.
2015-02-18 15:17:20,523 - feeder - INFO - File Queue is empty, sleeping.
2015-02-18 15:17:20,523 - feeder - INFO - File Queue is empty, sleeping.
2015-02-18 15:17:20,524 - feeder - INFO - File Queue is empty, sleeping.
2015-02-18 15:17:20,524 - feeder - INFO - File Queue is empty, sleeping.
2015-02-18 15:17:20,524 - feeder - INFO - Getting file ID
2015-02-18 15:17:20,525 - feeder - INFO - Getting file ID
2015-02-18 15:17:20,525 - feeder - INFO - Getting file ID
2015-02-18 15:17:20,525 - feeder - INFO - Getting file ID
2015-02-18 15:17:20,525 - feeder - INFO - Getting file ID
2015-02-18 15:17:20,525 - feeder - INFO - Getting file ID
2015-02-18 15:17:20,526 - feeder - INFO - Getting file ID
2015-02-18 15:17:20,526 - feeder - INFO - Getting file ID
2015-02-18 15:17:20,527 - feeder - INFO - Getting file ID
2015-02-18 15:17:20,527 - feeder - INFO - Getting file ID
2015-02-18 15:17:20,528 - feeder - INFO - Getting file ID
2015-02-18 15:17:20,528 - feeder - INFO - Getting file ID
2015-02-18 15:17:20,528 - feeder - INFO - Getting file ID
2015-02-18 15:17:20,528 - feeder - INFO - Directory empty, taking a 10 sec nap
2015-02-18 15:17:30,523 - feeder - INFO - Getting file ID
2015-02-18 15:17:30,525 - feeder - INFO - Getting file ID
2015-02-18 15:17:30,525 - feeder - INFO - Getting file ID
2015-02-18 15:17:30,525 - feeder - INFO - Getting file ID
2015-02-18 15:17:30,525 - feeder - INFO - Getting file ID
2015-02-18 15:17:30,526 - feeder - INFO - Getting file ID
2015-02-18 15:17:30,527 - feeder - INFO - Getting file ID
2015-02-18 15:17:30,530 - feeder - INFO - Directory empty, taking a 10 sec nap
2015-02-18 15:17:37,487 - feeder - INFO - Exiting... (waiting on threads)
2015-02-18 15:17:42,489 - feeder - INFO - Adios!
2015-02-18 15:19:13,274 - feeder - INFO - File Queue is empty, sleeping.
2015-02-18 15:19:13,275 - feeder - INFO - File Queue is empty, sleeping.
2015-02-18 15:19:13,275 - feeder - INFO - File Queue is empty, sleeping.
2015-02-18 15:19:13,276 - feeder - INFO - File Queue is empty, sleeping.
2015-02-18 15:19:13,276 - feeder - INFO - File Queue is empty, sleeping.
2015-02-18 15:19:13,276 - feeder - INFO - File Queue is empty, sleeping.
2015-02-18 15:19:13,276 - feeder - INFO - File Queue is empty, sleeping.
2015-02-18 15:19:13,276 - feeder - INFO - File Queue is empty, sleeping.
2015-02-18 15:19:13,277 - feeder - INFO - File Queue is empty, sleeping.
2015-02-18 15:19:13,277 - feeder - INFO - File Queue is empty, sleeping.
2015-02-18 15:19:13,278 - feeder - INFO - Getting file ID
2015-02-18 15:19:13,278 - feeder - INFO - Getting file ID
2015-02-18 15:19:13,279 - feeder - INFO - Getting file ID
2015-02-18 15:19:13,279 - feeder - INFO - Getting file ID
2015-02-18 15:19:13,279 - feeder - INFO - Getting file ID
2015-02-18 15:19:13,283 - feeder - INFO - Getting file ID
2015-02-18 15:19:13,284 - feeder - INFO - Getting file ID
2015-02-18 15:19:13,284 - feeder - INFO - Getting file ID
2015-02-18 15:19:13,284 - feeder - INFO - Getting file ID
2015-02-18 15:19:13,284 - feeder - INFO - Directory empty, taking a 10 sec nap
2015-02-18 15:19:13,285 - feeder - INFO - Getting file ID
2015-02-18 15:19:13,286 - feeder - INFO - Getting file ID
2015-02-18 15:19:13,286 - feeder - INFO - Getting file ID
2015-02-18 15:19:13,289 - feeder - INFO - Getting file ID
2015-02-18 15:19:13,289 - feeder - INFO - Getting file ID
2015-02-18 15:19:13,290 - feeder - INFO - Getting file ID
2015-02-18 15:19:13,292 - feeder - INFO - Getting file ID
2015-02-18 15:19:13,292 - feeder - INFO - Getting file ID
2015-02-18 15:19:13,293 - feeder - INFO - Getting file ID
2015-02-18 15:19:13,294 - feeder - INFO - Getting file ID
2015-02-18 15:19:13,294 - feeder - INFO - Getting file ID
2015-02-18 15:19:13,296 - feeder - INFO - Getting file ID
2015-02-18 15:19:13,296 - feeder - INFO - Getting file ID
2015-02-18 15:19:13,296 - feeder - INFO - Getting file ID
2015-02-18 15:19:13,297 - feeder - INFO - Getting file ID
2015-02-18 15:19:13,297 - feeder - INFO - Getting file ID
2015-02-18 15:19:13,298 - feeder - INFO - Getting file ID
2015-02-18 15:19:13,299 - feeder - INFO - Getting file ID
2015-02-18 15:19:13,299 - feeder - INFO - Getting file ID
2015-02-18 15:19:13,300 - feeder - INFO - Getting file ID
2015-02-18 15:19:13,300 - feeder - INFO - Started... :-)
2015-02-18 15:19:13,301 - feeder - INFO - Getting file ID
2015-02-18 15:19:13,319 - feeder - INFO - Getting file ID
2015-02-18 15:19:13,402 - feeder - INFO - Getting file ID
2015-02-18 15:19:13,405 - feeder - INFO - Getting file ID
2015-02-18 15:19:13,405 - feeder - INFO - Getting file ID
2015-02-18 15:19:13,410 - feeder - INFO - Getting file ID
2015-02-18 15:19:13,416 - feeder - INFO - Getting file ID
2015-02-18 15:19:13,416 - feeder - ERROR - PyMongoError
Traceback (most recent call last):
  File "feeder.py", line 106, in createRecord
    dba.malware.insert(fp)
  File "/Library/Python/2.7/site-packages/pymongo/collection.py", line 407, in insert
    _check_write_command_response(results)
  File "/Library/Python/2.7/site-packages/pymongo/helpers.py", line 198, in _check_write_command_response
    raise DuplicateKeyError(error.get("errmsg"), 11000, error)
DuplicateKeyError: insertDocument :: caused by :: 11000 E11000 duplicate key error index: analysis.malware.$_id_  dup key: { : "e0895336617e0b45b312383814ec6783556d7635" }
2015-02-18 15:19:13,417 - feeder - INFO - File Queue is empty, sleeping.
2015-02-18 15:19:13,420 - feeder - INFO - File Queue is empty, sleeping.
2015-02-18 15:19:13,422 - feeder - INFO - File Queue is empty, sleeping.
2015-02-18 15:19:13,428 - feeder - INFO - File Queue is empty, sleeping.
2015-02-18 15:19:13,428 - feeder - INFO - File Queue is empty, sleeping.
2015-02-18 15:19:13,430 - feeder - INFO - File Queue is empty, sleeping.
2015-02-18 15:19:13,439 - feeder - INFO - File Queue is empty, sleeping.
2015-02-18 15:19:13,441 - feeder - INFO - File Queue is empty, sleeping.
2015-02-18 15:19:13,446 - feeder - INFO - File Queue is empty, sleeping.
2015-02-18 15:19:13,447 - feeder - INFO - File Queue is empty, sleeping.
2015-02-18 15:19:13,447 - feeder - INFO - File Queue is empty, sleeping.
2015-02-18 15:19:13,447 - feeder - INFO - File Queue is empty, sleeping.
2015-02-18 15:19:13,451 - feeder - INFO - File Queue is empty, sleeping.
2015-02-18 15:19:13,571 - feeder - INFO - File Queue is empty, sleeping.
2015-02-18 15:19:23,286 - feeder - INFO - Directory empty, taking a 10 sec nap
2015-02-18 15:19:28,276 - feeder - INFO - Getting file ID
2015-02-18 15:19:28,277 - feeder - INFO - Getting file ID
2015-02-18 15:19:28,278 - feeder - INFO - Getting file ID
2015-02-18 15:19:28,278 - feeder - INFO - Getting file ID
2015-02-18 15:19:28,278 - feeder - INFO - Getting file ID
2015-02-18 15:19:28,278 - feeder - INFO - Getting file ID
2015-02-18 15:19:28,279 - feeder - INFO - Getting file ID
2015-02-18 15:19:28,279 - feeder - INFO - Getting file ID
2015-02-18 15:19:28,280 - feeder - INFO - Getting file ID
2015-02-18 15:19:28,280 - feeder - INFO - Getting file ID
2015-02-18 15:19:28,286 - feeder - INFO - Getting file ID
2015-02-18 15:19:28,290 - feeder - INFO - Getting file ID
2015-02-18 15:19:28,290 - feeder - INFO - Getting file ID
2015-02-18 15:19:28,292 - feeder - INFO - Getting file ID
2015-02-18 15:19:28,295 - feeder - INFO - Getting file ID
2015-02-18 15:19:28,297 - feeder - INFO - Getting file ID
2015-02-18 15:19:28,299 - feeder - INFO - File Queue is empty, sleeping.
2015-02-18 15:19:28,300 - feeder - INFO - File Queue is empty, sleeping.
2015-02-18 15:19:28,301 - feeder - INFO - File Queue is empty, sleeping.
2015-02-18 15:19:28,304 - feeder - INFO - File Queue is empty, sleeping.
2015-02-18 15:19:28,306 - feeder - INFO - File Queue is empty, sleeping.
2015-02-18 15:19:28,324 - feeder - INFO - File Queue is empty, sleeping.
2015-02-18 15:19:28,333 - feeder - INFO - File Queue is empty, sleeping.
2015-02-18 15:19:28,418 - feeder - INFO - File Queue is empty, sleeping.
2015-02-18 15:19:28,421 - feeder - INFO - File Queue is empty, sleeping.
2015-02-18 15:19:28,424 - feeder - INFO - File Queue is empty, sleeping.
2015-02-18 15:19:28,429 - feeder - INFO - File Queue is empty, sleeping.
2015-02-18 15:19:28,430 - feeder - INFO - File Queue is empty, sleeping.
2015-02-18 15:19:28,430 - feeder - INFO - File Queue is empty, sleeping.
2015-02-18 15:19:28,440 - feeder - INFO - File Queue is empty, sleeping.
2015-02-18 15:19:28,442 - feeder - INFO - File Queue is empty, sleeping.
2015-02-18 15:19:28,447 - feeder - INFO - File Queue is empty, sleeping.
2015-02-18 15:19:28,448 - feeder - INFO - File Queue is empty, sleeping.
2015-02-18 15:19:28,448 - feeder - INFO - File Queue is empty, sleeping.
2015-02-18 15:19:28,448 - feeder - INFO - File Queue is empty, sleeping.
2015-02-18 15:19:28,451 - feeder - INFO - File Queue is empty, sleeping.
2015-02-18 15:19:28,572 - feeder - INFO - File Queue is empty, sleeping.
2015-02-18 15:19:31,234 - feeder - INFO - Exiting... (waiting on threads)
2015-02-18 15:19:36,234 - feeder - INFO - Adios!
2015-02-19 08:33:02,882 - feeder - INFO - File Queue is empty, sleeping.
2015-02-19 08:33:02,883 - feeder - INFO - File Queue is empty, sleeping.
2015-02-19 08:33:02,883 - feeder - INFO - File Queue is empty, sleeping.
2015-02-19 08:33:02,884 - feeder - INFO - Getting file ID
2015-02-19 08:33:02,884 - feeder - INFO - Getting file ID
2015-02-19 08:33:02,884 - feeder - INFO - Getting file ID
2015-02-19 08:33:02,888 - feeder - INFO - Getting file ID
2015-02-19 08:33:02,889 - feeder - INFO - Directory empty, taking a 10 sec nap
2015-02-19 08:33:02,889 - feeder - INFO - Started... :-)
2015-02-19 08:33:02,889 - feeder - INFO - Getting file ID
2015-02-19 08:33:02,889 - feeder - INFO - Getting file ID
2015-02-19 08:33:02,889 - feeder - INFO - Getting file ID
2015-02-19 08:33:02,969 - feeder - INFO - Getting file ID
2015-02-19 08:33:02,979 - feeder - INFO - Getting file ID
2015-02-19 08:33:02,980 - feeder - INFO - Getting file ID
2015-02-19 08:33:02,981 - feeder - INFO - Getting file ID
2015-02-19 08:33:02,983 - feeder - INFO - Getting file ID
2015-02-19 08:33:02,993 - feeder - INFO - Getting file ID
2015-02-19 08:33:02,995 - feeder - INFO - Getting file ID
2015-02-19 08:33:02,997 - feeder - INFO - Getting file ID
2015-02-19 08:33:02,999 - feeder - INFO - Getting file ID
2015-02-19 08:33:03,003 - feeder - INFO - Getting file ID
2015-02-19 08:33:03,006 - feeder - INFO - Getting file ID
2015-02-19 08:33:03,008 - feeder - INFO - Getting file ID
2015-02-19 08:33:03,010 - feeder - INFO - Getting file ID
2015-02-19 08:33:03,011 - feeder - INFO - Getting file ID
2015-02-19 08:33:03,012 - feeder - INFO - Getting file ID
2015-02-19 08:33:03,014 - feeder - INFO - Getting file ID
2015-02-19 08:33:03,015 - feeder - INFO - Getting file ID
2015-02-19 08:33:03,017 - feeder - INFO - Getting file ID
2015-02-19 08:33:03,018 - feeder - INFO - Getting file ID
2015-02-19 08:33:03,020 - feeder - INFO - Getting file ID
2015-02-19 08:33:03,021 - feeder - INFO - Getting file ID
2015-02-19 08:33:03,023 - feeder - INFO - Getting file ID
2015-02-19 08:33:03,024 - feeder - INFO - Getting file ID
2015-02-19 08:33:03,026 - feeder - INFO - Getting file ID
2015-02-19 08:33:03,027 - feeder - INFO - Getting file ID
2015-02-19 08:33:03,029 - feeder - INFO - Getting file ID
2015-02-19 08:33:03,030 - feeder - INFO - Getting file ID
2015-02-19 08:33:03,035 - feeder - INFO - Getting file ID
2015-02-19 08:33:03,036 - feeder - INFO - File Queue is empty, sleeping.
2015-02-19 08:33:03,036 - feeder - INFO - Getting file ID
2015-02-19 08:33:03,041 - feeder - INFO - File Queue is empty, sleeping.
2015-02-19 08:33:03,052 - feeder - INFO - File Queue is empty, sleeping.
2015-02-19 08:33:03,062 - feeder - INFO - File Queue is empty, sleeping.
2015-02-19 08:33:03,210 - feeder - INFO - File Queue is empty, sleeping.
2015-02-19 08:33:08,366 - feeder - INFO - Exiting... (waiting on threads)
2015-02-19 08:33:13,367 - feeder - INFO - Adios!
2015-02-19 09:06:22,768 - feeder - INFO - File Queue is empty, sleeping.
2015-02-19 09:06:22,768 - feeder - INFO - Started... :-)
2015-02-19 09:06:22,769 - feeder - INFO - Directory empty, taking a 10 sec nap
2015-02-19 09:06:32,770 - feeder - INFO - Directory empty, taking a 10 sec nap
2015-02-19 09:06:37,769 - feeder - INFO - Getting file ID
2015-02-19 09:06:37,806 - feeder - INFO - Getting file ID
2015-02-19 09:06:37,814 - feeder - INFO - Getting file ID
2015-02-19 09:06:37,819 - feeder - INFO - Getting file ID
2015-02-19 09:06:37,828 - feeder - INFO - Getting file ID
2015-02-19 09:06:37,832 - feeder - INFO - Getting file ID
2015-02-19 09:06:37,874 - feeder - INFO - Getting file ID
2015-02-19 09:06:37,928 - feeder - INFO - Getting file ID
2015-02-19 09:06:37,932 - feeder - INFO - Getting file ID
2015-02-19 09:06:37,936 - feeder - INFO - Getting file ID
2015-02-19 09:06:37,939 - feeder - INFO - Getting file ID
2015-02-19 09:06:37,944 - feeder - INFO - Getting file ID
2015-02-19 09:06:37,948 - feeder - INFO - Getting file ID
2015-02-19 09:06:37,952 - feeder - ERROR - PyMongoError
Traceback (most recent call last):
  File "feeder.py", line 106, in createRecord
    dba.malware.insert(fp)
  File "/Library/Python/2.7/site-packages/pymongo/collection.py", line 407, in insert
    _check_write_command_response(results)
  File "/Library/Python/2.7/site-packages/pymongo/helpers.py", line 198, in _check_write_command_response
    raise DuplicateKeyError(error.get("errmsg"), 11000, error)
DuplicateKeyError: insertDocument :: caused by :: 11000 E11000 duplicate key error index: analysis.malware.$_id_  dup key: { : "e0895336617e0b45b312383814ec6783556d7635" }
2015-02-19 09:06:37,953 - feeder - INFO - Getting file ID
2015-02-19 09:06:37,958 - feeder - INFO - Getting file ID
2015-02-19 09:06:37,962 - feeder - INFO - Getting file ID
2015-02-19 09:06:37,966 - feeder - INFO - Getting file ID
2015-02-19 09:06:37,971 - feeder - INFO - Getting file ID
2015-02-19 09:06:37,975 - feeder - INFO - Getting file ID
2015-02-19 09:06:37,978 - feeder - INFO - Getting file ID
2015-02-19 09:06:37,981 - feeder - INFO - Getting file ID
2015-02-19 09:06:37,985 - feeder - INFO - Getting file ID
2015-02-19 09:06:37,988 - feeder - INFO - Getting file ID
2015-02-19 09:06:37,992 - feeder - INFO - Getting file ID
2015-02-19 09:06:37,995 - feeder - INFO - Getting file ID
2015-02-19 09:06:37,999 - feeder - INFO - Getting file ID
2015-02-19 09:06:38,003 - feeder - INFO - Getting file ID
2015-02-19 09:06:38,007 - feeder - INFO - Getting file ID
2015-02-19 09:06:38,011 - feeder - INFO - Getting file ID
2015-02-19 09:06:38,015 - feeder - INFO - Getting file ID
2015-02-19 09:06:38,051 - feeder - INFO - Getting file ID
2015-02-19 09:06:38,055 - feeder - INFO - Getting file ID
2015-02-19 09:06:38,058 - feeder - INFO - Getting file ID
2015-02-19 09:06:38,068 - feeder - INFO - Getting file ID
2015-02-19 09:06:38,073 - feeder - INFO - Getting file ID
2015-02-19 09:06:38,089 - feeder - INFO - Getting file ID
2015-02-19 09:06:38,237 - feeder - ERROR - IO Error
Traceback (most recent call last):
  File "feeder.py", line 101, in createRecord
    fd=open(self.filesPath+filename,'rb')
IOError: [Errno 2] No such file or directory: './incoming/20831E820AF5F41353B5AFAB659F2AD42EC6DF5D9692448872F3ED8BBB40AB92'
2015-02-19 09:06:42,771 - feeder - INFO - Directory empty, taking a 10 sec nap
2015-02-19 09:06:52,772 - feeder - INFO - Directory empty, taking a 10 sec nap
2015-02-19 09:07:02,774 - feeder - INFO - Directory empty, taking a 10 sec nap
2015-02-19 09:07:12,775 - feeder - INFO - Directory empty, taking a 10 sec nap
2015-02-19 09:07:22,776 - feeder - INFO - Directory empty, taking a 10 sec nap
2015-02-19 09:07:24,008 - feeder - INFO - Exiting... (waiting on threads)
2015-02-19 09:07:29,010 - feeder - INFO - Adios!
2015-02-19 09:12:52,721 - feeder - INFO - File Queue is empty, sleeping.
2015-02-19 09:12:52,721 - feeder - INFO - File Queue is empty, sleeping.
2015-02-19 09:12:52,722 - feeder - INFO - Getting file ID
2015-02-19 09:12:52,723 - feeder - INFO - Getting file ID
2015-02-19 09:12:52,723 - feeder - INFO - Getting file ID
2015-02-19 09:12:52,723 - feeder - INFO - Getting file ID
2015-02-19 09:12:52,726 - feeder - INFO - Getting file ID
2015-02-19 09:12:52,727 - feeder - INFO - Getting file ID
2015-02-19 09:12:52,728 - feeder - INFO - Getting file ID
2015-02-19 09:12:52,729 - feeder - INFO - Getting file ID
2015-02-19 09:12:52,729 - feeder - INFO - Getting file ID
2015-02-19 09:12:52,729 - feeder - INFO - Getting file ID
2015-02-19 09:12:52,729 - feeder - INFO - Getting file ID
2015-02-19 09:12:52,730 - feeder - INFO - Getting file ID
2015-02-19 09:12:52,731 - feeder - INFO - Getting file ID
2015-02-19 09:12:52,732 - feeder - INFO - Directory empty, taking a 10 sec nap
2015-02-19 09:12:52,733 - feeder - INFO - Getting file ID
2015-02-19 09:12:52,736 - feeder - INFO - Getting file ID
2015-02-19 09:12:52,734 - feeder - INFO - Getting file ID
2015-02-19 09:12:52,737 - feeder - INFO - Getting file ID
2015-02-19 09:12:52,735 - feeder - INFO - Getting file ID
2015-02-19 09:12:52,738 - feeder - INFO - Getting file ID
2015-02-19 09:12:52,738 - feeder - INFO - Getting file ID
2015-02-19 09:12:52,739 - feeder - INFO - Getting file ID
2015-02-19 09:12:52,739 - feeder - INFO - Getting file ID
2015-02-19 09:12:52,740 - feeder - INFO - Started... :-)
2015-02-19 09:12:52,741 - feeder - INFO - Getting file ID
2015-02-19 09:12:52,757 - feeder - INFO - Getting file ID
2015-02-19 09:12:52,766 - feeder - INFO - Getting file ID
2015-02-19 09:12:52,772 - feeder - INFO - Getting file ID
2015-02-19 09:12:52,775 - feeder - INFO - Getting file ID
2015-02-19 09:12:52,826 - feeder - ERROR - PyMongoError
Traceback (most recent call last):
  File "feeder.py", line 106, in createRecord
    dba.malware.insert(fp)
  File "/Library/Python/2.7/site-packages/pymongo/collection.py", line 407, in insert
    _check_write_command_response(results)
  File "/Library/Python/2.7/site-packages/pymongo/helpers.py", line 198, in _check_write_command_response
    raise DuplicateKeyError(error.get("errmsg"), 11000, error)
DuplicateKeyError: insertDocument :: caused by :: 11000 E11000 duplicate key error index: analysis.malware.$_id_  dup key: { : "e0895336617e0b45b312383814ec6783556d7635" }
2015-02-19 09:12:52,827 - feeder - INFO - Getting file ID
2015-02-19 09:12:52,827 - feeder - INFO - Getting file ID
2015-02-19 09:12:52,830 - feeder - INFO - Getting file ID
2015-02-19 09:12:52,831 - feeder - INFO - Getting file ID
2015-02-19 09:12:52,834 - feeder - INFO - Getting file ID
2015-02-19 09:12:52,837 - feeder - INFO - Getting file ID
2015-02-19 09:12:52,839 - feeder - INFO - Getting file ID
2015-02-19 09:12:52,839 - feeder - INFO - Getting file ID
2015-02-19 09:12:52,843 - feeder - INFO - Getting file ID
2015-02-19 09:12:52,851 - feeder - INFO - File Queue is empty, sleeping.
2015-02-19 09:12:52,866 - feeder - INFO - File Queue is empty, sleeping.
2015-02-19 09:12:52,886 - feeder - INFO - File Queue is empty, sleeping.
2015-02-19 09:12:52,993 - feeder - INFO - File Queue is empty, sleeping.
2015-02-19 09:13:02,737 - feeder - INFO - Directory empty, taking a 10 sec nap
2015-02-19 09:13:07,723 - feeder - INFO - Getting file ID
2015-02-19 09:13:07,723 - feeder - INFO - Getting file ID
2015-02-19 09:13:07,733 - feeder - INFO - Getting file ID
2015-02-19 09:13:07,734 - feeder - INFO - Getting file ID
2015-02-19 09:13:07,739 - feeder - INFO - Getting file ID
2015-02-19 09:13:07,744 - feeder - INFO - Getting file ID
2015-02-19 09:13:07,750 - feeder - INFO - Getting file ID
2015-02-19 09:13:07,754 - feeder - INFO - Getting file ID
2015-02-19 09:13:07,757 - feeder - INFO - Getting file ID
2015-02-19 09:13:07,761 - feeder - INFO - Getting file ID
2015-02-19 09:13:07,766 - feeder - INFO - Getting file ID
2015-02-19 09:13:07,770 - feeder - INFO - Getting file ID
2015-02-19 09:13:07,771 - feeder - INFO - Getting file ID
2015-02-19 09:13:07,774 - feeder - INFO - Getting file ID
2015-02-19 09:13:07,775 - feeder - INFO - Getting file ID
2015-02-19 09:13:07,777 - feeder - INFO - Getting file ID
2015-02-19 09:13:07,779 - feeder - INFO - Getting file ID
2015-02-19 09:13:07,780 - feeder - INFO - Getting file ID
2015-02-19 09:13:07,784 - feeder - INFO - Getting file ID
2015-02-19 09:13:07,790 - feeder - INFO - File Queue is empty, sleeping.
2015-02-19 09:13:07,801 - feeder - INFO - File Queue is empty, sleeping.
2015-02-19 09:13:07,852 - feeder - INFO - File Queue is empty, sleeping.
2015-02-19 09:13:07,866 - feeder - INFO - File Queue is empty, sleeping.
2015-02-19 09:13:07,887 - feeder - INFO - File Queue is empty, sleeping.
2015-02-19 09:13:07,993 - feeder - INFO - File Queue is empty, sleeping.
2015-02-19 09:13:12,738 - feeder - INFO - Directory empty, taking a 10 sec nap
2015-02-19 09:13:22,739 - feeder - INFO - Directory empty, taking a 10 sec nap
2015-02-19 09:13:22,791 - feeder - INFO - File Queue is empty, sleeping.
2015-02-19 09:13:22,802 - feeder - INFO - File Queue is empty, sleeping.
2015-02-19 09:13:22,853 - feeder - INFO - File Queue is empty, sleeping.
2015-02-19 09:13:22,867 - feeder - INFO - File Queue is empty, sleeping.
2015-02-19 09:13:22,888 - feeder - INFO - File Queue is empty, sleeping.
2015-02-19 09:13:22,994 - feeder - INFO - File Queue is empty, sleeping.
2015-02-19 09:13:26,700 - feeder - INFO - Exiting... (waiting on threads)
2015-02-19 09:13:31,702 - feeder - INFO - Adios!
